
 LOG FILE: collapse.log

 10:50:01 31 March 2019          

 Log  : FILES file = files
 Log  : fileroot   = collapse


 ------------------------------------------------------------------
 Files specified by the FILES file and fileroot for this run.
 ------------------------------------------------------------------
 The numbers after the unit names are the internal unit numbers.

 arb_flux( 3)    arb_flux
 input( 5)       collapse.i
 graph(10)       collapse.gra
 a2data(11)      ../../nuclear_data/decay/a2_2012
 collapxi(12)    COLLAPX
 arrayx(13)      ARRAYX
 hazards(14)     ../../nuclear_data/decay/hazards_2012
 gnuplot(15)     collapse.plt
 collapxo(17)    COLLAPX
 ind_nuc(18)     ../../nuclear_data/TENDL2017data/tendl17_decay12_index
 fluxes(20)      fluxes
 output(38)      collapse.out
 absorp(39)      ../../nuclear_data/decay/abs_2012
 clear(40)       ../../nuclear_data/decay/clear_2012
 tab1(44)        collapse.tab1
 tab2(45)        collapse.tab2
 tab3(46)        collapse.tab3
 tab4(47)        collapse.tab4
 runlog(48)      collapse.log
 sens(50)        collapse.sens
 prob_tab(51)    ../../nuclear_data/TENDL2017data/tal2017-n/tp-709-294
 xs_endf(52)     ../../nuclear_data/TENDL2017data/tal2017-p/gxs-162
 dk_endf(53)     ../../nuclear_data/decay/decay_2012
 fy_endf(54)     ../../nuclear_data/UKFY41data/ukfy4_1p
 sf_endf(55)     ../../nuclear_data/GEFY61data/gefy61_sfy
 xs_endfb(56)    ../../nuclear_data/bin/tal2017-p.bin
 nucgraph(59)    collapse.grn
 nucgnu(60)      collapse.pln
 ------------------------------------------------------------------


 NOERROR
 PROJECTILE 3
 GETXS 1 162
 FISPACT
 * TENDL gxs-162 : proton 1 MeV - 200 MeV
  load cross-sections
 Log  : lr  =            1
 Log  : mat =          409
 Log  : mf =            3
 Log  : mt =            5
 Log  : ns =            2
 00001: Warning: endfmat_m:read_file_3: 2: 
        Complex reactions (lr>0) not coded for in this version.
  run reset cross-section
 PRINTLIB 9
  run printlib
 END
 * END OF RUN
  run closedown
  deallocate and closedown


 ------------------------------------------------------------------
 Files that have been opened during this run.
 ------------------------------------------------------------------
 The numbers after the unit names are the internal unit numbers.

 input( 5)       collapse.i
 collapxo(17)    COLLAPX
 ind_nuc(18)     ../../nuclear_data/TENDL2017data/tendl17_decay12_index
 fluxes(20)      fluxes
 output(38)      collapse.out
 runlog(48)      collapse.log
 xs_endf(52)     ../../nuclear_data/TENDL2017data/tal2017-p/gxs-162
 ------------------------------------------------------------------


 Log  :                 fispact run time  =   29.406     secs
 Log  :                 rateeq_init_flux  =   0.0000     secs
 Log  :                rateeq_irrad_step  =   0.0000     secs
 Log  :                 rateeq_cool_step  =   0.0000     secs
 Log  :            output_inventory_step  =   0.0000     secs
 Log  :                    pathways_step  =   0.0000     secs
 Log  :                 sensitivity_step  =   0.0000     secs


  Error Summary 
 ------------- 
  total number of errors/warnings   =      1
  number of serious errors/warnings =      0
 10:50:30 31 March 2019          

 END OF LOG FILE

