
 LOG FILE: convert.log

 13:43:59 6 May 2019             

 Log  : FILES file = files
 Log  : fileroot   = convert


 ------------------------------------------------------------------
 Files specified by the FILES file and fileroot for this run.
 ------------------------------------------------------------------
 The numbers after the unit names are the internal unit numbers.

 arb_flux( 3)    arb_flux
 input( 5)       convert.i
 graph(10)       convert.gra
 a2data(11)      ../../nuclear_data/decay/a2_2012
 collapxi(12)    COLLAPX
 arrayx(13)      ARRAYX
 hazards(14)     ../../nuclear_data/decay/hazards_2012
 gnuplot(15)     convert.plt
 collapxo(17)    COLLAPX
 ind_nuc(18)     ../../nuclear_data/TENDL2017data/tendl17_decay12_index
 fluxes(20)      fluxes
 output(38)      convert.out
 absorp(39)      ../../nuclear_data/decay/abs_2012
 clear(40)       ../../nuclear_data/decay/clear_2012
 tab1(44)        convert.tab1
 tab2(45)        convert.tab2
 tab3(46)        convert.tab3
 tab4(47)        convert.tab4
 runlog(48)      convert.log
 sens(50)        convert.sens
 prob_tab(51)    ../../nuclear_data/TENDL2017data/tal2017-n/tp-709-294
 xs_endf(52)     ../../nuclear_data/TENDL2017data/tal2017-p/gxs-162
 dk_endf(53)     ../../nuclear_data/decay/decay_2012
 fy_endf(54)     ../../nuclear_data/UKFY41data/ukfy4_1p
 sf_endf(55)     ../../nuclear_data/GEFY61data/gefy61_sfy
 xs_endfb(56)    ../../nuclear_data/bin/tal2017-p.bin
 nucgraph(59)    convert.grn
 nucgnu(60)      convert.pln
 ------------------------------------------------------------------


 GRPCONVERT 3 162
 FISPACT
 * SPECTRAL MODIFICATION 3-162 proton
  run flux convert
  run closedown
  deallocate and closedown


 ------------------------------------------------------------------
 Files that have been opened during this run.
 ------------------------------------------------------------------
 The numbers after the unit names are the internal unit numbers.

 arb_flux( 3)    arb_flux
 input( 5)       convert.i
 ind_nuc(18)     ../../nuclear_data/TENDL2017data/tendl17_decay12_index
 fluxes(20)      fluxes
 output(38)      convert.out
 runlog(48)      convert.log
 ------------------------------------------------------------------


 Log  :                 fispact run time  =  0.15625E-01 secs
 Log  :                 rateeq_init_flux  =   0.0000     secs
 Log  :                rateeq_irrad_step  =   0.0000     secs
 Log  :                 rateeq_cool_step  =   0.0000     secs
 Log  :            output_inventory_step  =   0.0000     secs
 Log  :                    pathways_step  =   0.0000     secs
 Log  :                 sensitivity_step  =   0.0000     secs


  Error Summary 
 ------------- 
  total number of errors/warnings   =      0
  number of serious errors/warnings =      0
 13:43:59 6 May 2019             

 END OF LOG FILE

