
 LOG FILE: printlib.log

 12:49:47 7 May 2019             

 Log  : FILES file = files
 Log  : fileroot   = printlib


 ------------------------------------------------------------------
 Files specified by the FILES file and fileroot for this run.
 ------------------------------------------------------------------
 The numbers after the unit names are the internal unit numbers.

 arb_flux( 3)    arb_flux
 input( 5)       printlib.i
 graph(10)       printlib.gra
 a2data(11)      ../../nuclear_data/decay/a2_2012
 collapxi(12)    COLLAPX
 arrayx(13)      ARRAYX
 hazards(14)     ../../nuclear_data/decay/hazards_2012
 gnuplot(15)     printlib.plt
 collapxo(17)    COLLAPX
 ind_nuc(18)     ../../nuclear_data/TENDL2017data/tendl17_decay12_index
 fluxes(20)      fluxes
 output(38)      printlib.out
 absorp(39)      ../../nuclear_data/decay/abs_2012
 clear(40)       ../../nuclear_data/decay/clear_2012
 tab1(44)        printlib.tab1
 tab2(45)        printlib.tab2
 tab3(46)        printlib.tab3
 tab4(47)        printlib.tab4
 runlog(48)      printlib.log
 sens(50)        printlib.sens
 prob_tab(51)    ../../nuclear_data/TENDL2017data/tal2017-n/tp-709-294
 xs_endf(52)     ../../nuclear_data/TENDL2017data/tal2017-p/gxs-162
 dk_endf(53)     ../../nuclear_data/decay/decay_2012
 fy_endf(54)     ../../nuclear_data/UKFY41data/ukfy4_1p
 sf_endf(55)     ../../nuclear_data/GEFY61data/gefy61_sfy
 xs_endfb(56)    ../../nuclear_data/bin/tal2017-p.bin
 nucgraph(59)    printlib.grn
 nucgnu(60)      printlib.pln
 ------------------------------------------------------------------


 GETXS 0
 GETDECAY 0
 FISPACT
 * TENDL gxs-162 : proton 1 MeV - 200 MeV
  load cross-sections
  load decay data
  collapse fission yields
 Log  : nuc_no =         3501
 Log  : nuclide name = Th232    
 00001: Warning: nuclide_m:nuclide_collapse_fissyld: 1: 
        cross-section data for fission (mt=18) not found, it is either
        missing from endf data or pruned by xs_threshold
 Log  : nuc_no =         3555
 Log  : nuclide name = U 233    
 00002: Warning: nuclide_m:nuclide_collapse_fissyld: 1: 
        cross-section data for fission (mt=18) not found, it is either
        missing from endf data or pruned by xs_threshold
 Log  : nuc_no =         3556
 Log  : nuclide name = U 234    
 00003: Warning: nuclide_m:nuclide_collapse_fissyld: 1: 
        cross-section data for fission (mt=18) not found, it is either
        missing from endf data or pruned by xs_threshold
 Log  : nuc_no =         3557
 Log  : nuclide name = U 235    
 00004: Warning: nuclide_m:nuclide_collapse_fissyld: 1: 
        cross-section data for fission (mt=18) not found, it is either
        missing from endf data or pruned by xs_threshold
 Log  : nuc_no =         3559
 Log  : nuclide name = U 236    
 00005: Warning: nuclide_m:nuclide_collapse_fissyld: 1: 
        cross-section data for fission (mt=18) not found, it is either
        missing from endf data or pruned by xs_threshold
 Log  : nuc_no =         3561
 Log  : nuclide name = U 238    
 00006: Warning: nuclide_m:nuclide_collapse_fissyld: 1: 
        cross-section data for fission (mt=18) not found, it is either
        missing from endf data or pruned by xs_threshold
 Log  : nuc_no =         3582
 Log  : nuclide name = Np237    
 00007: Warning: nuclide_m:nuclide_collapse_fissyld: 1: 
        cross-section data for fission (mt=18) not found, it is either
        missing from endf data or pruned by xs_threshold
 Log  : nuc_no =         3583
 Log  : nuclide name = Np238    
 00008: Warning: nuclide_m:nuclide_collapse_fissyld: 1: 
        cross-section data for fission (mt=18) not found, it is either
        missing from endf data or pruned by xs_threshold
 Log  : nuc_no =         3605
 Log  : nuclide name = Pu238    
 00009: Warning: nuclide_m:nuclide_collapse_fissyld: 1: 
        cross-section data for fission (mt=18) not found, it is either
        missing from endf data or pruned by xs_threshold
 Log  : nuc_no =         3606
 Log  : nuclide name = Pu239    
 00010: Warning: nuclide_m:nuclide_collapse_fissyld: 1: 
        cross-section data for fission (mt=18) not found, it is either
        missing from endf data or pruned by xs_threshold
 Log  : nuc_no =         3607
 Log  : nuclide name = Pu240    
 00011: Warning: nuclide_m:nuclide_collapse_fissyld: 1: 
        cross-section data for fission (mt=18) not found, it is either
        missing from endf data or pruned by xs_threshold
 Log  : nuc_no =         3608
 Log  : nuclide name = Pu241    
 00012: Warning: nuclide_m:nuclide_collapse_fissyld: 1: 
        cross-section data for fission (mt=18) not found, it is either
        missing from endf data or pruned by xs_threshold
 Log  : nuc_no =         3609
 Log  : nuclide name = Pu242    
 00013: Warning: nuclide_m:nuclide_collapse_fissyld: 1: 
        cross-section data for fission (mt=18) not found, it is either
        missing from endf data or pruned by xs_threshold
 Log  : nuc_no =         3625
 Log  : nuclide name = Am241    
 00014: Warning: nuclide_m:nuclide_collapse_fissyld: 1: 
        cross-section data for fission (mt=18) not found, it is either
        missing from endf data or pruned by xs_threshold
 Log  : nuc_no =         3627
 Log  : nuclide name = Am242m   
 00015: Warning: nuclide_m:nuclide_collapse_fissyld: 1: 
        cross-section data for fission (mt=18) not found, it is either
        missing from endf data or pruned by xs_threshold
 Log  : nuc_no =         3629
 Log  : nuclide name = Am243    
 00016: Warning: nuclide_m:nuclide_collapse_fissyld: 1: 
        cross-section data for fission (mt=18) not found, it is either
        missing from endf data or pruned by xs_threshold
 Log  : nuc_no =         3648
 Log  : nuclide name = Cm242    
 00017: Warning: nuclide_m:nuclide_collapse_fissyld: 1: 
        cross-section data for fission (mt=18) not found, it is either
        missing from endf data or pruned by xs_threshold
 Log  : nuc_no =         3649
 Log  : nuclide name = Cm243    
 00018: Warning: nuclide_m:nuclide_collapse_fissyld: 1: 
        cross-section data for fission (mt=18) not found, it is either
        missing from endf data or pruned by xs_threshold
 Log  : nuc_no =         3650
 Log  : nuclide name = Cm244    
 00019: Warning: nuclide_m:nuclide_collapse_fissyld: 1: 
        cross-section data for fission (mt=18) not found, it is either
        missing from endf data or pruned by xs_threshold
 Log  : nuc_no =         3652
 Log  : nuclide name = Cm245    
 00020: Warning: nuclide_m:nuclide_collapse_fissyld: 1: 
        cross-section data for fission (mt=18) not found, it is either
        missing from endf data or pruned by xs_threshold
 Log  : nuc_no =         3696
 Log  : nuclide name = Cf252    
 00021: Warning: nuclide_m:nuclide_collapse_fissyld: 1: 
        cross-section data for fission (mt=18) not found, it is either
        missing from endf data or pruned by xs_threshold
  run reset cross-section
 PRINTLIB 8
  run printlib
 END
 * END OF PRINTLIB
  run closedown
  deallocate and closedown


 ------------------------------------------------------------------
 Files that have been opened during this run.
 ------------------------------------------------------------------
 The numbers after the unit names are the internal unit numbers.

 input( 5)       printlib.i
 collapxi(12)    COLLAPX
 arrayx(13)      ARRAYX
 ind_nuc(18)     ../../nuclear_data/TENDL2017data/tendl17_decay12_index
 output(38)      printlib.out
 runlog(48)      printlib.log
 ------------------------------------------------------------------


 Log  :                 fispact run time  =  0.93750E-01 secs
 Log  :                 rateeq_init_flux  =   0.0000     secs
 Log  :                rateeq_irrad_step  =   0.0000     secs
 Log  :                 rateeq_cool_step  =   0.0000     secs
 Log  :            output_inventory_step  =   0.0000     secs
 Log  :                    pathways_step  =   0.0000     secs
 Log  :                 sensitivity_step  =   0.0000     secs


  Error Summary 
 ------------- 
  total number of errors/warnings   =     21
  number of serious errors/warnings =      0
 12:49:47 7 May 2019             

 END OF LOG FILE

