



     ==============================================================================
     |                                                                            |
     |                                                                            |
     |             _____ ___ ____  ____   _    ____ _____    ___ ___              |
     |            |  ___|_ _/ ___||  _ \ / \  / ___|_   _|  |_ _|_ _|             |
     |            | |_   | |\___ \| |_) / _ \| |     | |_____| | | |              |
     |            |  _|  | | ___) |  __/ ___ \ |___  | |_____| | | |              |
     |            |_|   |___|____/|_| /_/   \_\____| |_|    |___|___|             |
     |                                                                            |
     |                            F I S P A C T - I I                             |
     |                            -------------------                             |
     |                                                                            |
     |                  Transmutation-Activation Inventory Code                   |
     |                   United Kingdom Atomic Energy Authority                   |
     |                                                                            |
     |                         Release 4.0 January 2018                           |
     |             Copyright (c) 2009-18, UK Atomic Energy Authority              |
     |                                                                            |
     ==============================================================================



1




     =========================================================================================================
     |                                                                                                       |
     |                      R U N   I D E N T I F I C A T I O N   I N F O R M A T I O N                      |
     |                                                                                                       |
     | INITIAL CROSS SECTION DATA                                                                            |
     | Collapsed library timestamp: 21:00:50 4 May 2019                                                      |
     | EAF source library label:                                                                             |
     | FLUX file label:             Quasi-MonE(63 MeV) 3.20200E+11 c                                         |
     |                                                                                                       |
     | DECAY DATA                                                                                            |
     | Condensed library timestamp:                                                                          |
     | EAF source library label:                                                                             |
     |                                                                                                       |
     | THIS RUN                                                                                              |
     | timestamp:                   21:00:50 4 May 2019                                                      |
     | fileroot :                   collapse                                                                 |
     | name of FILES file:          files                                                                    |
     | FISPACT title:               * TENDL gxs-162 : proton 1 MeV - 200 MeV                                 |
     |                                                                                                       |
     | See the collapse.log file                                                                             |
     | and summary details at the end of this file for further information on files used by this run         |
     |                                                                                                       |
     =========================================================================================================


1
     D E F A U L T  A B U N D A N C E S
     ==================================


  Element  Std-density  Isotope Abundance
   Z Name     g/cc      no  name     %
   1  H   7.08000E-02    1 H   1   99.989
                         2 H   2    0.012
   2  He  1.22100E-01    1 He  3    0.000
                         2 He  4  100.000
   3  Li  5.34000E-01    1 Li  6    7.590
                         2 Li  7   92.410
   4  Be  1.84800E+00    1 Be  9  100.000
   5  B   2.34000E+00    1 B  10   19.800
                         2 B  11   80.200
   6  C   2.10000E+00    1 C  12   98.890
                         2 C  13    1.110
   7  N   8.08000E-01    1 N  14   99.634
                         2 N  15    0.366
   8  O   1.14000E+00    1 O  16   99.762
                         2 O  17    0.038
                         3 O  18    0.200
   9  F   1.11100E+00    1 F  19  100.000
  10  Ne  1.20150E+00    1 Ne 20   90.480
                         2 Ne 21    0.270
                         3 Ne 22    9.250
  11  Na  9.71000E-01    1 Na 23  100.000
  12  Mg  1.73800E+00    1 Mg 24   78.990
                         2 Mg 25   10.000
                         3 Mg 26   11.010
  13  Al  2.69890E+00    1 Al 27  100.000
  14  Si  2.33000E+00    1 Si 28   92.230
                         2 Si 29    4.683
                         3 Si 30    3.087
  15  P   1.82000E+00    1 P  31  100.000
  16  S   2.07000E+00    1 S  32   95.020
                         2 S  33    0.750
                         3 S  34    4.210
                         4 S  36    0.020
  17  Cl  1.89560E+00    1 Cl 35   75.770
                         2 Cl 37   24.230
  18  Ar  1.65040E+00    1 Ar 36    0.337
                         2 Ar 38    0.063
                         3 Ar 40   99.600
  19  K   8.62000E-01    1 K  39   93.258
                         2 K  40    0.012
                         3 K  41    6.730
  20  Ca  1.55000E+00    1 Ca 40   96.940
                         2 Ca 42    0.647
                         3 Ca 43    0.135
                         4 Ca 44    2.090
                         5 Ca 46    0.004
                         6 Ca 48    0.187
  21  Sc  2.98900E+00    1 Sc 45  100.000
  22  Ti  4.54000E+00    1 Ti 46    8.250
                         2 Ti 47    7.440
                         3 Ti 48   73.720
                         4 Ti 49    5.410
                         5 Ti 50    5.180
  23  V   6.11000E+00    1 V  50    0.250
                         2 V  51   99.750
  24  Cr  7.19000E+00    1 Cr 50    4.345
                         2 Cr 52   83.789
                         3 Cr 53    9.501
                         4 Cr 54    2.365
  25  Mn  7.44000E+00    1 Mn 55  100.000
  26  Fe  7.87400E+00    1 Fe 54    5.845
                         2 Fe 56   91.754
                         3 Fe 57    2.119
                         4 Fe 58    0.282
  27  Co  8.90000E+00    1 Co 59  100.000
  28  Ni  8.90200E+00    1 Ni 58   68.077
                         2 Ni 60   26.223
                         3 Ni 61    1.140
                         4 Ni 62    3.634
                         5 Ni 64    0.926
  29  Cu  8.96000E+00    1 Cu 63   69.170
                         2 Cu 65   30.830
  30  Zn  7.13300E+00    1 Zn 64   48.630
                         2 Zn 66   27.900
                         3 Zn 67    4.100
                         4 Zn 68   18.750
                         5 Zn 70    0.620
  31  Ga  5.90400E+00    1 Ga 69   60.108
                         2 Ga 71   39.892
  32  Ge  5.32300E+00    1 Ge 70   20.370
                         2 Ge 72   27.310
                         3 Ge 73    7.760
                         4 Ge 74   36.730
                         5 Ge 76    7.830
  33  As  5.73000E+00    1 As 75  100.000
  34  Se  4.79000E+00    1 Se 74    0.890
                         2 Se 76    9.370
                         3 Se 77    7.630
                         4 Se 78   23.770
                         5 Se 80   49.610
                         6 Se 82    8.730
  35  Br  3.12000E+00    1 Br 79   50.690
                         2 Br 81   49.310
  36  Kr  2.60210E+00    1 Kr 78    0.350
                         2 Kr 80    2.280
                         3 Kr 82   11.580
                         4 Kr 83   11.490
                         5 Kr 84   57.000
                         6 Kr 86   17.300
  37  Rb  1.53200E+00    1 Rb 85   72.170
                         2 Rb 87   27.830
  38  Sr  2.54000E+00    1 Sr 84    0.560
                         2 Sr 86    9.860
                         3 Sr 87    7.000
                         4 Sr 88   82.580
  39  Y   4.46900E+00    1 Y  89  100.000
  40  Zr  6.50600E+00    1 Zr 90   51.450
                         2 Zr 91   11.220
                         3 Zr 92   17.150
                         4 Zr 94   17.380
                         5 Zr 96    2.800
  41  Nb  8.57000E+00    1 Nb 93  100.000
  42  Mo  1.02200E+01    1 Mo 92   14.840
                         2 Mo 94    9.250
                         3 Mo 95   15.920
                         4 Mo 96   16.680
                         5 Mo 97    9.550
                         6 Mo 98   24.130
                         7 Mo100    9.630
  43  Tc  1.15000E+01
  44  Ru  1.24100E+01    1 Ru 96    5.540
                         2 Ru 98    1.870
                         3 Ru 99   12.760
                         4 Ru100   12.600
                         5 Ru101   17.060
                         6 Ru102   31.550
                         7 Ru104   18.620
  45  Rh  1.24100E+01    1 Rh103  100.000
  46  Pd  1.20200E+01    1 Pd102    1.020
                         2 Pd104   11.140
                         3 Pd105   22.330
                         4 Pd106   27.330
                         5 Pd108   26.460
                         6 Pd110   11.720
  47  Ag  1.05000E+01    1 Ag107   51.839
                         2 Ag109   48.161
  48  Cd  8.65000E+00    1 Cd106    1.250
                         2 Cd108    0.890
                         3 Cd110   12.490
                         4 Cd111   12.800
                         5 Cd112   24.130
                         6 Cd113   12.220
                         7 Cd114   28.730
                         8 Cd116    7.490
  49  In  7.31000E+00    1 In113    4.290
                         2 In115   95.710
  50  Sn  5.75000E+00    1 Sn112    0.970
                         2 Sn114    0.660
                         3 Sn115    0.340
                         4 Sn116   14.540
                         5 Sn117    7.680
                         6 Sn118   24.220
                         7 Sn119    8.590
                         8 Sn120   32.580
                         9 Sn122    4.630
                        10 Sn124    5.790
  51  Sb  6.69100E+00    1 Sb121   57.210
                         2 Sb123   42.790
  52  Te  6.24000E+00    1 Te120    0.090
                         2 Te122    2.550
                         3 Te123    0.890
                         4 Te124    4.740
                         5 Te125    7.070
                         6 Te126   18.840
                         7 Te128   31.740
                         8 Te130   34.080
  53  I   4.93000E+00    1 I 127  100.000
  54  Xe  3.05890E+00    1 Xe124    0.095
                         2 Xe126    0.089
                         3 Xe128    1.910
                         4 Xe129   26.400
                         5 Xe130    4.071
                         6 Xe131   21.232
                         7 Xe132   26.891
                         8 Xe134   10.436
                         9 Xe136    8.857
  55  Cs  1.87300E+00    1 Cs133  100.000
  56  Ba  3.50000E+00    1 Ba130    0.106
                         2 Ba132    0.101
                         3 Ba134    2.417
                         4 Ba135    6.592
                         5 Ba136    7.854
                         6 Ba137   11.232
                         7 Ba138   71.698
  57  La  6.14500E+00    1 La138    0.090
                         2 La139   99.910
  58  Ce  6.77000E+00    1 Ce136    0.185
                         2 Ce138    0.251
                         3 Ce140   88.450
                         4 Ce142   11.114
  59  Pr  6.77300E+00    1 Pr141  100.000
  60  Nd  7.00800E+00    1 Nd142   27.200
                         2 Nd143   12.200
                         3 Nd144   23.800
                         4 Nd145    8.300
                         5 Nd146   17.200
                         6 Nd148    5.700
                         7 Nd150    5.600
  61  Pm  7.26400E+00
  62  Sm  7.52000E+00    1 Sm144    3.070
                         2 Sm147   14.990
                         3 Sm148   11.240
                         4 Sm149   13.820
                         5 Sm150    7.380
                         6 Sm152   26.750
                         7 Sm154   22.750
  63  Eu  5.24400E+00    1 Eu151   47.810
                         2 Eu153   52.190
  64  Gd  7.90100E+00    1 Gd152    0.200
                         2 Gd154    2.180
                         3 Gd155   14.800
                         4 Gd156   20.470
                         5 Gd157   15.650
                         6 Gd158   24.840
                         7 Gd160   21.860
  65  Tb  8.23000E+00    1 Tb159  100.000
  66  Dy  8.55100E+00    1 Dy156    0.060
                         2 Dy158    0.100
                         3 Dy160    2.340
                         4 Dy161   18.910
                         5 Dy162   25.510
                         6 Dy163   24.900
                         7 Dy164   28.180
  67  Ho  8.79500E+00    1 Ho165  100.000
  68  Er  9.06600E+00    1 Er162    0.139
                         2 Er164    1.601
                         3 Er166   33.503
                         4 Er167   22.869
                         5 Er168   26.978
                         6 Er170   14.910
  69  Tm  9.32100E+00    1 Tm169  100.000
  70  Yb  6.90300E+00    1 Yb168    0.130
                         2 Yb170    3.040
                         3 Yb171   14.280
                         4 Yb172   21.830
                         5 Yb173   16.130
                         6 Yb174   31.830
                         7 Yb176   12.760
  71  Lu  9.84100E+00    1 Lu175   97.410
                         2 Lu176    2.590
  72  Hf  1.33100E+01    1 Hf174    0.160
                         2 Hf176    5.260
                         3 Hf177   18.600
                         4 Hf178   27.280
                         5 Hf179   13.620
                         6 Hf180   35.080
  73  Ta  1.66540E+01    1 Ta180m   0.012
                         2 Ta181   99.988
  74  W   1.93000E+01    1 W 180    0.120
                         2 W 182   26.500
                         3 W 183   14.310
                         4 W 184   30.640
                         5 W 186   28.430
  75  Re  2.10200E+01    1 Re185   37.400
                         2 Re187   62.600
  76  Os  2.25700E+01    1 Os184    0.020
                         2 Os186    1.590
                         3 Os187    1.600
                         4 Os188   13.290
                         5 Os189   16.210
                         6 Os190   26.360
                         7 Os192   40.930
  77  Ir  2.24200E+01    1 Ir191   37.300
                         2 Ir193   62.700
  78  Pt  2.14500E+01    1 Pt190    0.014
                         2 Pt192    0.782
                         3 Pt194   32.967
                         4 Pt195   33.832
                         5 Pt196   25.242
                         6 Pt198    7.163
  79  Au  1.93000E+01    1 Au197  100.000
  80  Hg  1.35460E+01    1 Hg196    0.150
                         2 Hg198    9.970
                         3 Hg199   16.870
                         4 Hg200   23.100
                         5 Hg201   13.180
                         6 Hg202   29.860
                         7 Hg204    6.870
  81  Tl  1.18500E+01    1 Tl203   29.524
                         2 Tl205   70.476
  82  Pb  1.13500E+01    1 Pb204    1.400
                         2 Pb206   24.100
                         3 Pb207   22.100
                         4 Pb208   52.400
  83  Bi  9.74700E+00    1 Bi209  100.000
  84  Po  9.32000E+00
  85  At  5.00000E+00
  86  Rn  5.00000E+00
  87  Fr  5.00000E+00
  88  Ra  5.00000E+00
  89  Ac  1.00700E+01
  90  Th  1.17200E+01    1 Th232  100.000
  91  Pa  1.53700E+01
  92  U   1.89500E+01    1 U 234    0.005
                         2 U 235    0.720
                         3 U 238   99.274
  93  Np  5.00000E+00
  94  Pu  5.00000E+00
  95  Am  5.00000E+00
  96  Cm  5.00000E+00
  97  Bk  5.00000E+00
  98  Cf  5.00000E+00
  99  Es  5.00000E+00
 100  Fm  5.00000E+00
 101  Md  5.00000E+00
 102  No  5.00000E+00
 103  Lr  5.00000E+00
 104  Rf  5.00000E+00
 105  Db  5.00000E+00
 106  Sg  5.00000E+00
 107  Bh  5.00000E+00
 108  Hs  5.00000E+00
 109  Mt  5.00000E+00
 110  Ds  5.00000E+00
 111  Rg  5.00000E+00
fispact run time=                   19.500     secs


 ------------------------------------------------------------------
 Files that have been opened during this run.
 ------------------------------------------------------------------
 The numbers after the unit names are the internal unit numbers.

 input( 5)       collapse.i
 collapxo(17)    COLLAPX
 ind_nuc(18)     ../../nuclear_data/TENDL2017data/tendl17_decay12_index
 fluxes(20)      fluxes
 output(38)      collapse.out
 runlog(48)      collapse.log
 xs_endf(52)     ../../nuclear_data/TENDL2017data/tal2017-p/gxs-162
 ------------------------------------------------------------------



     Run timestamp:21:00:50 4 May 2019             

     Current time: 21:01:10 4 May 2019             
