



     ==============================================================================
     |                                                                            |
     |                                                                            |
     |             _____ ___ ____  ____   _    ____ _____    ___ ___              |
     |            |  ___|_ _/ ___||  _ \ / \  / ___|_   _|  |_ _|_ _|             |
     |            | |_   | |\___ \| |_) / _ \| |     | |_____| | | |              |
     |            |  _|  | | ___) |  __/ ___ \ |___  | |_____| | | |              |
     |            |_|   |___|____/|_| /_/   \_\____| |_|    |___|___|             |
     |                                                                            |
     |                            F I S P A C T - I I                             |
     |                            -------------------                             |
     |                                                                            |
     |                  Transmutation-Activation Inventory Code                   |
     |                   United Kingdom Atomic Energy Authority                   |
     |                                                                            |
     |                         Release 4.0 January 2018                           |
     |             Copyright (c) 2009-18, UK Atomic Energy Authority              |
     |                                                                            |
     ==============================================================================



1




     =========================================================================================================
     |                                                                                                       |
     |                      R U N   I D E N T I F I C A T I O N   I N F O R M A T I O N                      |
     |                                                                                                       |
     | INITIAL CROSS SECTION DATA                                                                            |
     | Collapsed library timestamp: 15:13:12 4 May 2019                                                      |
     | EAF source library label:                                                                             |
     | FLUX file label:             Quasi-MonE(63 MeV) 3.20200E+11 c                                         |
     |                                                                                                       |
     | DECAY DATA                                                                                            |
     | Condensed library timestamp: 15:13:22 4 May 2019                                                      |
     | EAF source library label:    Decay input from separate files                                          |
     |                                                                                                       |
     | THIS RUN                                                                                              |
     | timestamp:                   15:13:25 4 May 2019                                                      |
     | fileroot :                   runFile_Si                                                               |
     | name of FILES file:          files                                                                    |
     | FISPACT title:               * Quasi-MonE(63 MeV) 3.20200E+11 cm^-2s^-1 for 30s                       |
     |                                                                                                       |
     | See the runFile_Si.log file                                                                           |
     | and summary details at the end of this file for further information on files used by this run         |
     |                                                                                                       |
     =========================================================================================================






                                   -------------------------------------------------------------------------------
                                   | NB: IN FOLLOWING TABLES                                                     |
                                   |                         ? MEANS CONVERGENCE NOT REACHED FOR NUCLIDE         |
                                   |                         & MEANS GAMMA SPECTRUM IS APPROXIMATELY CALCULATED  |
                                   |                         # MEANS NUCLIDE IS STABLE                           |
                                   |                         > MEANS NUCLIDE WAS PRESENT BEFORE IRRADIATION      |
                                   -------------------------------------------------------------------------------
                                   |                                                                             |
                                   |                                                                             |
                                   V                                                                             V
1 * * * TIME INTERVAL   1 * * * * * * * TIME IS   0.0000E+00 SECS * * * ELAPSED TIME IS   0.000ps   * * * FLUX AMP IS  3.2019E+11 /cm^2/s  * * * * * * * * * * * * * *
  NUCLIDE        ATOMS         GRAMS        Bq       b-Energy    a-Energy   g-Energy    DOSE RATE                                                            
                                                        kW          kW         kW         Sv/hr                                                              

  Si 28    #> 2.30393E+21   1.070E-01   0.000E+00   0.000E+00   0.00E+00   0.000E+00   0.000E+00                                                            
  Si 29    #> 1.16982E+20   5.629E-03   0.000E+00   0.000E+00   0.00E+00   0.000E+00   0.000E+00                                                            
  Si 30    #> 7.71140E+19   3.838E-03   0.000E+00   0.000E+00   0.00E+00   0.000E+00   0.000E+00                                                            
0  TOTAL NUMBER OF NUCLIDES PRINTED IN INVENTORY =    3
0  TOTAL CURIES   TOTAL ALPHA   TOTAL BETA    TOTAL GAMMA
                  CURIE-MeV     CURIE-MeV     CURIE-MeV
   0.00000E+00   0.00000E+00   0.00000E+00   0.00000E+00
0  ALPHA BECQUERELS = 0.000000E+00  BETA BECQUERELS = 0.000000E+00  GAMMA BECQUERELS = 0.000000E+00
0  TOTAL ACTIVITY FOR ALL MATERIALS     0.00000E+00 Bq
                                        0.00000E+00 Ci/cc           DENSITY   2.33E+00 gm/cc
   TOTAL ACTIVITY EXCLUDING TRITIUM     0.00000E+00 Bq
                                        0.00000E+00 Ci/cc
0  TOTAL ALPHA HEAT PRODUCTION          0.00000E+00 kW
   TOTAL BETA  HEAT PRODUCTION          0.00000E+00 kW
   TOTAL GAMMA HEAT PRODUCTION          0.00000E+00 kW              TOTAL HEAT PRODUCTION 0.00000E+00 kW
0  INITIAL TOTAL MASS OF MATERIAL       1.16500E-04 kg              TOTAL HEAT EX TRITIUM 0.00000E+00 kW
0  TOTAL MASS OF MATERIAL               1.16500E-04 kg
   PROTON   FLUX DURING INTERVAL        3.20192E+11 p/cm**2/s
0  NUMBER OF FISSIONS                   0.00000E+00                 BURN-UP OF ACTINIDES  0.00000E+00 %



                                               COMPOSITION  OF  MATERIAL  BY  ELEMENT
                                               --------------------------------------
0                                                             BETA                     GAMMA                     ALPHA
                      ATOMS      GRAM-ATOMS     GRAMS      CURIES-MeV      kW        CURIES-MeV      kW        CURIES-MeV      kW

   14       Si      2.4980E+21   4.1481E-03   1.1650E-01   0.0000E+00   0.0000E+00   0.0000E+00   0.0000E+00   0.0000E+00   0.0000E+00
1 * * * TIME INTERVAL   2 * * * * * * * TIME IS   3.0000E+01 SECS * * * ELAPSED TIME IS  30.000 s   * * * FLUX AMP IS  3.2019E+11 /cm^2/s  * * * * * * * * * * * * * *
  NUCLIDE        ATOMS         GRAMS        Bq       b-Energy    a-Energy   g-Energy    DOSE RATE   INGESTION  INHALATION     Bq/A2     HALF LIFE            
                                                        kW          kW         kW         Sv/hr      DOSE(Sv)    DOSE(Sv)     Ratio      seconds             

  H   1    #  9.10065E+05   1.523E-18   0.000E+00   0.000E+00   0.00E+00   0.000E+00   0.000E+00   0.000E+00   0.000E+00   0.000E+00     Stable             
  H   2    #  2.37064E+07   7.929E-17   0.000E+00   0.000E+00   0.00E+00   0.000E+00   0.000E+00   0.000E+00   0.000E+00   0.000E+00     Stable             
  He  4    #  1.04883E+08   6.971E-16   0.000E+00   0.000E+00   0.00E+00   0.000E+00   0.000E+00   0.000E+00   0.000E+00   0.000E+00     Stable             
  Mg 25    #  9.26543E+03   3.844E-19   0.000E+00   0.000E+00   0.00E+00   0.000E+00   0.000E+00   0.000E+00   0.000E+00   0.000E+00     Stable             
  Mg 26    #  2.81584E+06   1.215E-16   0.000E+00   0.000E+00   0.00E+00   0.000E+00   0.000E+00   0.000E+00   0.000E+00   0.000E+00     Stable             
  Al 25       4.39879E+03   1.825E-19   4.245E+02   9.885E-14   0.00E+00   7.034E-14   7.396E-04   1.740E-10   1.231E-10   2.122E-08   7.183E+00            
  Al 26       1.30318E+07   5.623E-16   3.992E-07   2.552E-23   0.00E+00   1.711E-22   2.466E-12   1.397E-15   7.984E-15   3.992E-18   2.263E+13            
  Al 26m      1.14246E+06   4.930E-17   1.248E+05   2.867E-11   0.00E+00   2.052E-11   2.134E-01   4.368E-08   3.120E-08   6.240E-06   6.345E+00            
  Al 27    #  8.78791E+07   3.937E-15   0.000E+00   0.000E+00   0.00E+00   0.000E+00   0.000E+00   0.000E+00   0.000E+00   0.000E+00     Stable             
  Si 28    #> 2.30393E+21   1.070E-01   0.000E+00   0.000E+00   0.00E+00   0.000E+00   0.000E+00   0.000E+00   0.000E+00   0.000E+00     Stable             
  Si 29    #> 1.16982E+20   5.629E-03   0.000E+00   0.000E+00   0.00E+00   0.000E+00   0.000E+00   0.000E+00   0.000E+00   0.000E+00     Stable             
  Si 30    #> 7.71140E+19   3.838E-03   0.000E+00   0.000E+00   0.00E+00   0.000E+00   0.000E+00   0.000E+00   0.000E+00   0.000E+00     Stable             
  P  29       2.60336E+07   1.253E-15   4.359E+06   1.237E-09   0.00E+00   1.676E-09   2.199E+01   1.569E-06   3.879E-06   2.179E-04   4.140E+00            
  P  30       2.13597E+08   1.063E-14   9.878E+05   2.272E-10   0.00E+00   1.618E-10   1.693E+00   7.507E-06   1.877E-05   4.939E-05   1.499E+02            
  P  31    #  8.46766E+04   4.355E-18   0.000E+00   0.000E+00   0.00E+00   0.000E+00   0.000E+00   0.000E+00   0.000E+00   0.000E+00     Stable             
0  TOTAL NUMBER OF NUCLIDES PRINTED IN INVENTORY =   15
0  TOTAL CURIES   TOTAL ALPHA   TOTAL BETA    TOTAL GAMMA
                  CURIE-MeV     CURIE-MeV     CURIE-MeV
   1.47886E-04   0.00000E+00   2.51793E-04   3.13491E-04
0  ALPHA BECQUERELS = 0.000000E+00  BETA BECQUERELS = 5.471778E+06  GAMMA BECQUERELS = 0.000000E+00
0  TOTAL ACTIVITY FOR ALL MATERIALS     5.47178E+06 Bq              TOTAL Bq/A2 RATIOS  2.74E-04  EFFECTIVE A2  2.00E+10 Bq
                                        2.95772E-03 Ci/cc           DENSITY   2.33E+00 gm/cc
   TOTAL ACTIVITY EXCLUDING TRITIUM     5.47178E+06 Bq
                                        2.95772E-03 Ci/cc
0  TOTAL ALPHA HEAT PRODUCTION          0.00000E+00 kW
   TOTAL BETA  HEAT PRODUCTION          1.49264E-09 kW
   TOTAL GAMMA HEAT PRODUCTION          1.85839E-09 kW              TOTAL HEAT PRODUCTION 3.35103E-09 kW
0  INITIAL TOTAL MASS OF MATERIAL       1.16500E-04 kg              TOTAL HEAT EX TRITIUM 3.35103E-09 kW
0  TOTAL MASS OF MATERIAL               1.16500E-04 kg
   PROTON   FLUX DURING INTERVAL        3.20192E+11 p/cm**2/s
0  NUMBER OF FISSIONS                   0.00000E+00                 BURN-UP OF ACTINIDES  0.00000E+00 %
0  INGESTION  HAZARD FOR ALL MATERIALS  9.12040E-06 Sv/kg
   INHALATION HAZARD FOR ALL MATERIALS  2.26791E-05 Sv/kg
0  INGESTION  HAZARD EXCLUDING TRITIUM  9.12040E-06 Sv/kg
   INHALATION HAZARD EXCLUDING TRITIUM  2.26791E-05 Sv/kg
0  APPM OF He  4    =  4.1986E-08
   APPM OF He  3    =  3.0657E-23
   APPM OF H   3    =  1.3574E-47
   APPM OF H   2    =  9.4901E-09
   APPM OF H   1    =  3.6431E-10



                                               COMPOSITION  OF  MATERIAL  BY  ELEMENT
                                               --------------------------------------
0                                                             BETA                     GAMMA                     ALPHA
                      ATOMS      GRAM-ATOMS     GRAMS      CURIES-MeV      kW        CURIES-MeV      kW        CURIES-MeV      kW

    1       H       2.4617E+07   4.0877E-17   8.0809E-17   0.0000E+00   0.0000E+00   0.0000E+00   0.0000E+00   0.0000E+00   0.0000E+00
    2       He      1.0488E+08   1.7416E-16   6.9710E-16   0.0000E+00   0.0000E+00   0.0000E+00   0.0000E+00   0.0000E+00   0.0000E+00
   12       Mg      2.8251E+06   4.6912E-18   1.2187E-16   0.0000E+00   0.0000E+00   0.0000E+00   0.0000E+00   0.0000E+00   0.0000E+00
   13       Al      1.0206E+08   1.6947E-16   4.5492E-15   4.8529E-06   2.8768E-11   3.4731E-06   2.0589E-11   0.0000E+00   0.0000E+00
   14       Si      2.4980E+21   4.1481E-03   1.1650E-01   0.0000E+00   0.0000E+00   0.0000E+00   0.0000E+00   0.0000E+00   0.0000E+00
   15       P       2.3971E+08   3.9806E-16   1.1890E-14   2.4694E-04   1.4639E-09   3.1002E-04   1.8378E-09   0.0000E+00   0.0000E+00



                                               GAMMA SPECTRUM AND ENERGIES/SECOND
                                               ----------------------------------

     NEUTRONS PER SECOND ARISING FROM SPONTANEOUS FISSION                    0.00000E+00    Entered density (g/cc)       2.33
     POWER FROM ALPHA PARTICLES (MeV per Second)                             0.00000E+00
     POWER FROM BETA  PARTICLES (MeV per Second)                             9.31633E+06
     TOTAL GAMMA POWER FROM ACTIVATION  (MeV per Second)                     1.15992E+07    Total gammas (per cc per second)      3.08430E+08
     GAMMA RAY POWER FROM ACTIVATION DECAY  MeV/s    (  0.000-  0.010 MeV)   2.74341E-01    Gammas per group (per cc per second)  1.09736E+03
                                                     (  0.010-  0.020 MeV)   0.00000E+00                                          0.00000E+00
                                                     (  0.020-  0.050 MeV)   0.00000E+00                                          0.00000E+00
                                                     (  0.050-  0.100 MeV)   0.00000E+00                                          0.00000E+00
                                                     (  0.100-  0.200 MeV)   0.00000E+00                                          0.00000E+00
                                                     (  0.200-  0.300 MeV)   0.00000E+00                                          0.00000E+00
                                                     (  0.300-  0.400 MeV)   4.50400E+02                                          2.57371E+04
                                                     (  0.400-  0.600 MeV)   5.58747E+06                                          2.23499E+08
                                                     (  0.600-  0.800 MeV)   7.56794E+03                                          2.16227E+05
                                                     (  0.800-  1.000 MeV)   9.92988E-02                                          2.20664E+00
                                                     (  1.000-  1.220 MeV)   4.41986E+04                                          7.96371E+05
                                                     (  1.220-  1.440 MeV)   5.02829E+06                                          7.56133E+07
                                                     (  1.440-  1.660 MeV)   5.90573E+01                                          7.62029E+02
                                                     (  1.660-  2.000 MeV)   7.20321E-07                                          7.87236E-06
                                                     (  2.000-  2.500 MeV)   9.31252E+05                                          8.27780E+06
                                                     (  2.500-  3.000 MeV)   2.81500E-09                                          2.04727E-08
                                                     (  3.000-  4.000 MeV)   2.88965E+01                                          1.65123E+02
                                                     (  4.000-  5.000 MeV)   0.00000E+00                                          0.00000E+00
                                                     (  5.000-  6.500 MeV)   0.00000E+00                                          0.00000E+00
                                                     (  6.500-  8.000 MeV)   0.00000E+00                                          0.00000E+00
                                                     (  8.000- 10.000 MeV)   0.00000E+00                                          0.00000E+00
                                                     ( 10.000- 12.000 MeV)   0.00000E+00                                          0.00000E+00
                                                     ( 12.000- 14.000 MeV)   0.00000E+00                                          0.00000E+00
                                                     ( 14.000- 20.000 MeV)   0.00000E+00                                          0.00000E+00

    DOSE RATE (PLANE SOURCE) FROM GAMMAS WITH ENERGY 0-20 MeV IS            2.38953E+01 Sieverts/hour   ( 2.38953E+03 Rems/hour)




                                                                           DOMINANT NUCLIDES
                                                                           -----------------

      NUCLIDE   ACTIVITY    PERCENT  NUCLIDE     HEAT      PERCENT  NUCLIDE  DOSE RATE    PERCENT  NUCLIDE  INGESTION    PERCENT  NUCLIDE  INHALATION   PERCENT 
                  (Bq)      ACTIVITY             (kW)       HEAT              (Sv/hr)    DOSE RATE            (Sv)      INGESTION            (Sv)     INHALATION
       Total   5.4718E+06             Total   3.3510E-09             Total   2.3895E+01             Total   9.1204E-06             Total   2.2679E-05
    1  P  29   4.3587E+06  79.66E+00  P  29   2.9127E-09  86.92E+00  P  29   2.1989E+01  92.02E+00  P  30   7.5074E-06  82.31E+00  P  30   1.8769E-05  82.76E+00
    2  P  30   9.8782E+05  18.05E+00  P  30   3.8894E-10  11.61E+00  P  30   1.6926E+00  70.83E-01  P  29   1.5691E-06  17.20E+00  P  29   3.8793E-06  17.11E+00
    3  Al 26m  1.2481E+05  22.81E-01  Al 26m  4.9188E-11  14.68E-01  Al 26m  2.1345E-01  89.33E-02  Al 26m  4.3682E-08  47.89E-02  Al 26m  3.1201E-08  13.76E-02
    4  Al 25   4.2448E+02  77.58E-04  Al 25   1.6920E-13  50.49E-04  Al 25   7.3961E-04  30.95E-04  Al 25   1.7403E-10  19.08E-04  Al 25   1.2310E-10  54.28E-05
    5  Al 26   3.9922E-07  72.96E-13  Al 26   1.9661E-22  58.67E-13  Al 26   2.4660E-12  10.32E-12  Al 26   1.3973E-15  15.32E-09  Al 26   7.9845E-15  35.21E-09

      NUCLIDE  GAMMA HEAT   PERCENT  NUCLIDE   BETA HEAT   PERCENT 
                  (kW)       GAMMA               (kW)       BETA
       Total   1.8584E-09             Total   1.4926E-09
    1  P  29   1.6760E-09  90.19E+00  P  29   1.2367E-09  82.85E+00
    2  P  30   1.6177E-10  87.05E-01  P  30   2.2717E-10  15.22E+00
    3  Al 26m  2.0519E-11  11.04E-01  Al 26m  2.8669E-11  19.21E-01
    4  Al 25   7.0344E-14  37.85E-04  Al 25   9.8854E-14  66.23E-04
    5  Al 26   1.7109E-22  92.06E-13  Al 26   2.5516E-23  17.09E-13



                                                              UNCERTAINTY ESTIMATES (cross sections only)
                                                              -------------------------------------------

    Uncertainty estimates are based on pathway analysis for the irradiation phase
    Total Activity is          5.47178E+06  +/-   0.00E+00  Bq.        Error is   0.00E+00 % of the total.

    Total Heat Production is   3.35103E-09  +/-   0.00E+00  kW.        Error is   0.00E+00 % of the total.

    Total Gamma Dose Rate is   2.38953E+01  +/-   0.00E+00  Sv/hr.     Error is   0.00E+00 % of the total.

    Total Ingestion Dose is    9.12040E-06  +/-   0.00E+00  Sv.        Error is   0.00E+00 % of the total.

    Total Inhalation Dose is   2.26791E-05  +/-   0.00E+00  Sv.        Error is   0.00E+00 % of the total.

    Total Gamma Heat Prod is   1.85839E-09  +/-   0.00E+00  kW.        Error is   0.00E+00 % of the total.

    Total Beta Heat Prod is    1.49264E-09  +/-   0.00E+00  kW.        Error is   0.00E+00 % of the total.

0   Nuclide     Atoms     E(Atoms)  Activity E(Activity)   Heat     E(Heat)  Dose Rate E(Dose Rate) Ingest   E(Ingest)   Inhale   E(Inhale)   % Error
    P  29    2.60336E+07  0.00E+00  4.359E+06  0.00E+00  2.913E-09  0.00E+00  2.199E+01  0.00E+00  1.569E-06  0.00E+00  3.879E-06  0.00E+00  0.000E+00
    P  30    2.13597E+08  0.00E+00  9.878E+05  0.00E+00  3.889E-10  0.00E+00  1.693E+00  0.00E+00  7.507E-06  0.00E+00  1.877E-05  0.00E+00  0.000E+00
    Al 26m   1.14246E+06  0.00E+00  1.248E+05  0.00E+00  4.919E-11  0.00E+00  2.134E-01  0.00E+00  4.368E-08  0.00E+00  3.120E-08  0.00E+00  0.000E+00
    Al 25    4.39879E+03  0.00E+00  4.245E+02  0.00E+00  1.692E-13  0.00E+00  7.396E-04  0.00E+00  1.740E-10  0.00E+00  1.231E-10  0.00E+00  0.000E+00
    Al 26    1.30318E+07  0.00E+00  3.992E-07  0.00E+00  1.966E-22  0.00E+00  2.466E-12  0.00E+00  1.397E-15  0.00E+00  7.984E-15  0.00E+00  0.000E+00
1
                         P A T H W A Y   A N A L Y S I S   F O R   I R R A D I A T I O N   P H A S E
                         ===========================================================================


 no of steps        =      1
 irradiation time   =  3.00000E+01 secs
 flux               =  3.20192E+11 p/cm**2/s

 path floor    =  5.00000E-01% of target inventory
 loop floor    =  1.00000E+00% of path inventory
 max depth     =   10    (maximum number of edges between source and target)

 Pathways are given in order of decreasing dominance of target nuclides as ordered by the dominant nuclide tables above. Target nuclides at the end of the list
 that do not appear above are those that appear in the dominant lists at later cooling time. Pathways are retained if they contribute more than the path floor
 percentage of the number of target  atoms given by the rate equation solution for the time interval. Loops are retained in a pathway if they contribute more
 than the loop floor percentage of the number of target atoms created along the pathway.
 Pathways are analysed between the following source and target nuclides:

 Source Nuclides
  Si 28      Si 29      Si 30    

 Target Nuclides
  P  29      P  30      Al 26m     Al 25      Al 26    

 Listed below are all significant paths and loops ordered by target nuclide. The first line for each target nuclide gives the nuclide name and the percentage
 of the total number of atoms given by the number of significant paths shown. The first line for each pathway indentifies a path or loop, gives its number 
 and its respective percentage contribution to the target nuclide inventory. The remainder of the line gives the nuclides  on the path (or loop) from
 source to target, and the type of graph edge joining them. Edge types (r,R), (d,D) and (b,B) respectively denote reaction, decay and combined reaction
 and decay edges from short and long lived parent. L and S denote short and long lived target nuclides. Short-lived nuclides have half lives less than
 the time interval and long-lived have half live greater. Shown below each edge is a list showing the percentage that each reaction and decay make
 towards the total rate for the edge for primary products. If the edge daughter is a secondary then isomeric state of the primary product of the reaction
 decay is also displayed. Significant loops are displayed directly after their path, and their percentages are their part of the total path percentage.


 Target nuclide P  29    100.000% of inventory given by  1 path
 --------------------

 path  1 100.000% Si 29 ---(R)--- P  29 ---(S)--- 
                    100.00%(p,n)                   

 Target nuclide P  30    100.000% of inventory given by  1 path
 --------------------

 path  1 100.000% Si 30 ---(R)--- P  30 ---(L)--- 
                    100.00%(p,n)                   

 Target nuclide Al 26m   100.000% of inventory given by  1 path
 --------------------

 path  1 100.000% Si 29 ---(R)--- Al 26m---(S)--- 
                    100.00%(p,a)                   

 Target nuclide Al 25     89.418% of inventory given by  1 path
 --------------------

 path  1  89.418% Si 28 ---(R)--- Al 25 ---(S)--- 
                    100.00%(p,a)                   

 Target nuclide Al 26    100.000% of inventory given by  1 path
 --------------------

 path  1 100.000% Si 29 ---(R)--- Al 26 ---(L)--- 
                    100.00%(p,a)                   
1 * * * TIME INTERVAL   3 * * * COOLING TIME IS   6.0000E+01 SECS OR  1.0000E+00 MINS  * * * ELAPSED TIME IS   1.000 m   * * * FLUX AMP IS  0.0000E+00 /cm^2/s  * * *
  NUCLIDE        ATOMS         GRAMS        Bq       b-Energy    a-Energy   g-Energy    DOSE RATE   INGESTION  INHALATION     Bq/A2     HALF LIFE            
                                                        kW          kW         kW         Sv/hr      DOSE(Sv)    DOSE(Sv)     Ratio      seconds             

  H   1    #  9.10065E+05   1.523E-18   0.000E+00   0.000E+00   0.00E+00   0.000E+00   0.000E+00   0.000E+00   0.000E+00   0.000E+00     Stable             
  H   2    #  2.37064E+07   7.929E-17   0.000E+00   0.000E+00   0.00E+00   0.000E+00   0.000E+00   0.000E+00   0.000E+00   0.000E+00     Stable             
  He  4    #  1.04883E+08   6.971E-16   0.000E+00   0.000E+00   0.00E+00   0.000E+00   0.000E+00   0.000E+00   0.000E+00   0.000E+00     Stable             
  Mg 25    #  1.36606E+04   5.668E-19   0.000E+00   0.000E+00   0.00E+00   0.000E+00   0.000E+00   0.000E+00   0.000E+00   0.000E+00     Stable             
  Mg 26    #  3.95798E+06   1.708E-16   0.000E+00   0.000E+00   0.00E+00   0.000E+00   0.000E+00   0.000E+00   0.000E+00   0.000E+00     Stable             
  Al 25       3.57647E+00   1.484E-22   3.451E-01   8.037E-17   0.00E+00   5.719E-17   6.013E-07   1.415E-13   1.001E-13   1.726E-11   7.183E+00            
  Al 26       1.30318E+07   5.623E-16   3.992E-07   2.552E-23   0.00E+00   1.711E-22   2.466E-12   1.397E-15   7.984E-15   3.992E-18   2.263E+13            
  Al 26m      3.09160E+02   1.334E-20   3.377E+01   7.758E-15   0.00E+00   5.553E-15   5.776E-05   1.182E-11   8.443E-12   1.689E-09   6.345E+00            
  Al 27    #  8.78791E+07   3.937E-15   0.000E+00   0.000E+00   0.00E+00   0.000E+00   0.000E+00   0.000E+00   0.000E+00   0.000E+00     Stable             
  Si 28    #> 2.30393E+21   1.070E-01   0.000E+00   0.000E+00   0.00E+00   0.000E+00   0.000E+00   0.000E+00   0.000E+00   0.000E+00     Stable             
  Si 29    #> 1.16982E+20   5.629E-03   0.000E+00   0.000E+00   0.00E+00   0.000E+00   0.000E+00   0.000E+00   0.000E+00   0.000E+00     Stable             
  Si 30    #> 7.71140E+19   3.838E-03   0.000E+00   0.000E+00   0.00E+00   0.000E+00   0.000E+00   0.000E+00   0.000E+00   0.000E+00     Stable             
  P  29       5.66130E+03   2.725E-19   9.479E+02   2.689E-13   0.00E+00   3.645E-13   4.782E-03   3.412E-10   8.436E-10   4.739E-08   4.140E+00            
  P  30       1.61837E+08   8.056E-15   7.484E+05   1.721E-10   0.00E+00   1.226E-10   1.282E+00   5.688E-06   1.422E-05   3.742E-05   1.499E+02            
  P  31    #  8.46766E+04   4.355E-18   0.000E+00   0.000E+00   0.00E+00   0.000E+00   0.000E+00   0.000E+00   0.000E+00   0.000E+00     Stable             
0  TOTAL NUMBER OF NUCLIDES PRINTED IN INVENTORY =   15
0  TOTAL CURIES   TOTAL ALPHA   TOTAL BETA    TOTAL GAMMA
                  CURIE-MeV     CURIE-MeV     CURIE-MeV
   2.02548E-05   0.00000E+00   2.90819E-05   2.07387E-05
0  ALPHA BECQUERELS = 0.000000E+00  BETA BECQUERELS = 7.494263E+05  GAMMA BECQUERELS = 0.000000E+00
0  TOTAL ACTIVITY FOR ALL MATERIALS     7.49426E+05 Bq              TOTAL Bq/A2 RATIOS  3.75E-05  EFFECTIVE A2  2.00E+10 Bq
                                        4.05095E-04 Ci/cc           DENSITY   2.33E+00 gm/cc
   TOTAL ACTIVITY EXCLUDING TRITIUM     7.49426E+05 Bq
                                        4.05095E-04 Ci/cc
0  TOTAL ALPHA HEAT PRODUCTION          0.00000E+00 kW
   TOTAL BETA  HEAT PRODUCTION          1.72399E-10 kW
   TOTAL GAMMA HEAT PRODUCTION          1.22940E-10 kW              TOTAL HEAT PRODUCTION 2.95339E-10 kW
0  INITIAL TOTAL MASS OF MATERIAL       1.16500E-04 kg              TOTAL HEAT EX TRITIUM 2.95339E-10 kW
0  TOTAL MASS OF MATERIAL               1.16500E-04 kg
   PROTON   FLUX DURING INTERVAL        0.00000E+00 p/cm**2/s
0  NUMBER OF FISSIONS                   0.00000E+00                 BURN-UP OF ACTINIDES  0.00000E+00 %
0  INGESTION  HAZARD FOR ALL MATERIALS  5.68853E-06 Sv/kg
   INHALATION HAZARD FOR ALL MATERIALS  1.42213E-05 Sv/kg
0  INGESTION  HAZARD EXCLUDING TRITIUM  5.68853E-06 Sv/kg
   INHALATION HAZARD EXCLUDING TRITIUM  1.42213E-05 Sv/kg
0  APPM OF He  4    =  4.1986E-08
   APPM OF He  3    =  3.0657E-23
   APPM OF H   3    =  1.3574E-47
   APPM OF H   2    =  9.4901E-09
   APPM OF H   1    =  3.6431E-10



                                               COMPOSITION  OF  MATERIAL  BY  ELEMENT
                                               --------------------------------------
0                                                             BETA                     GAMMA                     ALPHA
                      ATOMS      GRAM-ATOMS     GRAMS      CURIES-MeV      kW        CURIES-MeV      kW        CURIES-MeV      kW

    1       H       2.4617E+07   4.0877E-17   8.0809E-17   0.0000E+00   0.0000E+00   0.0000E+00   0.0000E+00   0.0000E+00   0.0000E+00
    2       He      1.0488E+08   1.7416E-16   6.9710E-16   0.0000E+00   0.0000E+00   0.0000E+00   0.0000E+00   0.0000E+00   0.0000E+00
   12       Mg      3.9716E+06   6.5951E-18   1.7133E-16   0.0000E+00   0.0000E+00   0.0000E+00   0.0000E+00   0.0000E+00   0.0000E+00
   13       Al      1.0091E+08   1.6757E-16   4.4997E-15   1.3223E-09   7.8386E-15   9.4630E-10   5.6097E-15   0.0000E+00   0.0000E+00
   14       Si      2.4980E+21   4.1481E-03   1.1650E-01   0.0000E+00   0.0000E+00   0.0000E+00   0.0000E+00   0.0000E+00   0.0000E+00
   15       P       1.6193E+08   2.6889E-16   8.0609E-15   2.9081E-05   1.7239E-10   2.0738E-05   1.2293E-10   0.0000E+00   0.0000E+00



                                               GAMMA SPECTRUM AND ENERGIES/SECOND
                                               ----------------------------------

     NEUTRONS PER SECOND ARISING FROM SPONTANEOUS FISSION                    0.00000E+00    Entered density (g/cc)       2.33
     POWER FROM ALPHA PARTICLES (MeV per Second)                             0.00000E+00
     POWER FROM BETA  PARTICLES (MeV per Second)                             1.07603E+06
     TOTAL GAMMA POWER FROM ACTIVATION  (MeV per Second)                     7.67332E+05    Total gammas (per cc per second)      3.06216E+07
     GAMMA RAY POWER FROM ACTIVATION DECAY  MeV/s    (  0.000-  0.010 MeV)   4.48413E-03    Gammas per group (per cc per second)  1.79365E+01
                                                     (  0.010-  0.020 MeV)   0.00000E+00                                          0.00000E+00
                                                     (  0.020-  0.050 MeV)   0.00000E+00                                          0.00000E+00
                                                     (  0.050-  0.100 MeV)   0.00000E+00                                          0.00000E+00
                                                     (  0.100-  0.200 MeV)   0.00000E+00                                          0.00000E+00
                                                     (  0.200-  0.300 MeV)   0.00000E+00                                          0.00000E+00
                                                     (  0.300-  0.400 MeV)   9.79670E-02                                          5.59812E+00
                                                     (  0.400-  0.600 MeV)   7.64802E+05                                          3.05921E+07
                                                     (  0.600-  0.800 MeV)   1.64573E+00                                          4.70209E+01
                                                     (  0.800-  1.000 MeV)   8.07357E-05                                          1.79413E-03
                                                     (  1.000-  1.220 MeV)   9.61147E+00                                          1.73180E+02
                                                     (  1.220-  1.440 MeV)   1.10111E+03                                          1.65581E+04
                                                     (  1.440-  1.660 MeV)   4.06557E+01                                          5.24590E+02
                                                     (  1.660-  2.000 MeV)   7.20321E-07                                          7.87236E-06
                                                     (  2.000-  2.500 MeV)   1.35651E+03                                          1.20579E+04
                                                     (  2.500-  3.000 MeV)   2.81500E-09                                          2.04727E-08
                                                     (  3.000-  4.000 MeV)   2.18941E+01                                          1.25109E+02
                                                     (  4.000-  5.000 MeV)   0.00000E+00                                          0.00000E+00
                                                     (  5.000-  6.500 MeV)   0.00000E+00                                          0.00000E+00
                                                     (  6.500-  8.000 MeV)   0.00000E+00                                          0.00000E+00
                                                     (  8.000- 10.000 MeV)   0.00000E+00                                          0.00000E+00
                                                     ( 10.000- 12.000 MeV)   0.00000E+00                                          0.00000E+00
                                                     ( 12.000- 14.000 MeV)   0.00000E+00                                          0.00000E+00
                                                     ( 14.000- 20.000 MeV)   0.00000E+00                                          0.00000E+00

    DOSE RATE (PLANE SOURCE) FROM GAMMAS WITH ENERGY 0-20 MeV IS            1.28729E+00 Sieverts/hour   ( 1.28729E+02 Rems/hour)




                                                                           DOMINANT NUCLIDES
                                                                           -----------------

      NUCLIDE   ACTIVITY    PERCENT  NUCLIDE     HEAT      PERCENT  NUCLIDE  DOSE RATE    PERCENT  NUCLIDE  INGESTION    PERCENT  NUCLIDE  INHALATION   PERCENT 
                  (Bq)      ACTIVITY             (kW)       HEAT              (Sv/hr)    DOSE RATE            (Sv)      INGESTION            (Sv)     INHALATION
       Total   7.4943E+05             Total   2.9534E-10             Total   1.2873E+00             Total   5.6885E-06             Total   1.4221E-05
    1  P  30   7.4844E+05  99.87E+00  P  30   2.9469E-10  99.78E+00  P  30   1.2824E+00  99.62E+00  P  30   5.6882E-06  99.99E+00  P  30   1.4220E-05  99.99E+00
    2  P  29   9.4785E+02  12.65E-02  P  29   6.3341E-13  21.45E-02  P  29   4.7816E-03  37.15E-02  P  29   3.4123E-10  59.99E-04  P  29   8.4359E-10  59.32E-04
    3  Al 26m  3.3774E+01  45.07E-04  Al 26m  1.3311E-14  45.07E-04  Al 26m  5.7760E-05  44.87E-04  Al 26m  1.1821E-11  20.78E-05  Al 26m  8.4434E-12  59.37E-06
    4  Al 25   3.4512E-01  46.05E-06  Al 25   1.3757E-16  46.58E-06  Al 25   6.0135E-07  46.71E-06  Al 25   1.4150E-13  24.87E-07  Al 25   1.0009E-13  70.38E-08
    5  Al 26   3.9922E-07  53.27E-12  Al 26   1.9661E-22  66.57E-12  Al 26   2.4660E-12  19.16E-11  Al 26   1.3973E-15  24.56E-09  Al 26   7.9845E-15  56.14E-09

      NUCLIDE  GAMMA HEAT   PERCENT  NUCLIDE   BETA HEAT   PERCENT 
                  (kW)       GAMMA               (kW)       BETA
       Total   1.2294E-10             Total   1.7240E-10
    1  P  30   1.2257E-10  99.70E+00  P  30   1.7212E-10  99.84E+00
    2  P  29   3.6447E-13  29.65E-02  P  29   2.6893E-13  15.60E-02
    3  Al 26m  5.5525E-15  45.16E-04  Al 26m  7.7582E-15  45.00E-04
    4  Al 25   5.7194E-17  46.52E-06  Al 25   8.0374E-17  46.62E-06
    5  Al 26   1.7109E-22  13.92E-11  Al 26   2.5516E-23  14.80E-12



                                                              UNCERTAINTY ESTIMATES (cross sections only)
                                                              -------------------------------------------

    Uncertainty estimates are based on pathway analysis for the irradiation phase
    Total Activity is          7.49426E+05  +/-   0.00E+00  Bq.        Error is   0.00E+00 % of the total.

    Total Heat Production is   2.95339E-10  +/-   0.00E+00  kW.        Error is   0.00E+00 % of the total.

    Total Gamma Dose Rate is   1.28729E+00  +/-   0.00E+00  Sv/hr.     Error is   0.00E+00 % of the total.

    Total Ingestion Dose is    5.68853E-06  +/-   0.00E+00  Sv.        Error is   0.00E+00 % of the total.

    Total Inhalation Dose is   1.42213E-05  +/-   0.00E+00  Sv.        Error is   0.00E+00 % of the total.

    Total Gamma Heat Prod is   1.22940E-10  +/-   0.00E+00  kW.        Error is   0.00E+00 % of the total.

    Total Beta Heat Prod is    1.72399E-10  +/-   0.00E+00  kW.        Error is   0.00E+00 % of the total.

0   Nuclide     Atoms     E(Atoms)  Activity E(Activity)   Heat     E(Heat)  Dose Rate E(Dose Rate) Ingest   E(Ingest)   Inhale   E(Inhale)   % Error
    P  29    5.66130E+03  0.00E+00  9.479E+02  0.00E+00  6.334E-13  0.00E+00  4.782E-03  0.00E+00  3.412E-10  0.00E+00  8.436E-10  0.00E+00  0.000E+00
    P  30    1.61837E+08  0.00E+00  7.484E+05  0.00E+00  2.947E-10  0.00E+00  1.282E+00  0.00E+00  5.688E-06  0.00E+00  1.422E-05  0.00E+00  0.000E+00
    Al 26m   3.09160E+02  0.00E+00  3.377E+01  0.00E+00  1.331E-14  0.00E+00  5.776E-05  0.00E+00  1.182E-11  0.00E+00  8.443E-12  0.00E+00  0.000E+00
    Al 25    3.57647E+00  0.00E+00  3.451E-01  0.00E+00  1.376E-16  0.00E+00  6.013E-07  0.00E+00  1.415E-13  0.00E+00  1.001E-13  0.00E+00  0.000E+00
    Al 26    1.30318E+07  0.00E+00  3.992E-07  0.00E+00  1.966E-22  0.00E+00  2.466E-12  0.00E+00  1.397E-15  0.00E+00  7.984E-15  0.00E+00  0.000E+00
1 * * * TIME INTERVAL   4 * * * COOLING TIME IS   3.6000E+03 SECS OR  1.0000E+00 HOURS * * * ELAPSED TIME IS   1.017 h   * * * FLUX AMP IS  0.0000E+00 /cm^2/s  * * *
  NUCLIDE        ATOMS         GRAMS        Bq       b-Energy    a-Energy   g-Energy    DOSE RATE   INGESTION  INHALATION     Bq/A2     HALF LIFE            
                                                        kW          kW         kW         Sv/hr      DOSE(Sv)    DOSE(Sv)     Ratio      seconds             

  H   1    #  9.10065E+05   1.523E-18   0.000E+00   0.000E+00   0.00E+00   0.000E+00   0.000E+00   0.000E+00   0.000E+00   0.000E+00     Stable             
  H   2    #  2.37064E+07   7.929E-17   0.000E+00   0.000E+00   0.00E+00   0.000E+00   0.000E+00   0.000E+00   0.000E+00   0.000E+00     Stable             
  He  4    #  1.04883E+08   6.971E-16   0.000E+00   0.000E+00   0.00E+00   0.000E+00   0.000E+00   0.000E+00   0.000E+00   0.000E+00     Stable             
  Mg 25    #  1.36642E+04   5.669E-19   0.000E+00   0.000E+00   0.00E+00   0.000E+00   0.000E+00   0.000E+00   0.000E+00   0.000E+00     Stable             
  Mg 26    #  3.95829E+06   1.708E-16   0.000E+00   0.000E+00   0.00E+00   0.000E+00   0.000E+00   0.000E+00   0.000E+00   0.000E+00     Stable             
  Al 26       1.30318E+07   5.623E-16   3.992E-07   2.552E-23   0.00E+00   1.711E-22   2.466E-12   1.397E-15   7.984E-15   3.992E-18   2.263E+13            
  Al 27    #  8.78791E+07   3.937E-15   0.000E+00   0.000E+00   0.00E+00   0.000E+00   0.000E+00   0.000E+00   0.000E+00   0.000E+00     Stable             
  Si 28    #> 2.30393E+21   1.070E-01   0.000E+00   0.000E+00   0.00E+00   0.000E+00   0.000E+00   0.000E+00   0.000E+00   0.000E+00     Stable             
  Si 29    #> 1.16982E+20   5.629E-03   0.000E+00   0.000E+00   0.00E+00   0.000E+00   0.000E+00   0.000E+00   0.000E+00   0.000E+00     Stable             
  Si 30    #> 7.71140E+19   3.838E-03   0.000E+00   0.000E+00   0.00E+00   0.000E+00   0.000E+00   0.000E+00   0.000E+00   0.000E+00     Stable             
  P  31    #  8.46766E+04   4.355E-18   0.000E+00   0.000E+00   0.00E+00   0.000E+00   0.000E+00   0.000E+00   0.000E+00   0.000E+00     Stable             
0  TOTAL NUMBER OF NUCLIDES PRINTED IN INVENTORY =   11
0  TOTAL CURIES   TOTAL ALPHA   TOTAL BETA    TOTAL GAMMA
                  CURIE-MeV     CURIE-MeV     CURIE-MeV
   1.07898E-17   0.00000E+00   4.30421E-18   2.88615E-17
0  ALPHA BECQUERELS = 0.000000E+00  BETA BECQUERELS = 3.992225E-07  GAMMA BECQUERELS = 0.000000E+00
0  TOTAL ACTIVITY FOR ALL MATERIALS     3.99223E-07 Bq              TOTAL Bq/A2 RATIOS  3.99E-18  EFFECTIVE A2  0.00E+00 Bq
                                        2.15796E-16 Ci/cc           DENSITY   2.33E+00 gm/cc
   TOTAL ACTIVITY EXCLUDING TRITIUM     3.99223E-07 Bq
                                        2.15796E-16 Ci/cc
0  TOTAL ALPHA HEAT PRODUCTION          0.00000E+00 kW
   TOTAL BETA  HEAT PRODUCTION          2.55156E-23 kW
   TOTAL GAMMA HEAT PRODUCTION          1.71093E-22 kW              TOTAL HEAT PRODUCTION 1.96608E-22 kW
0  INITIAL TOTAL MASS OF MATERIAL       1.16500E-04 kg              TOTAL HEAT EX TRITIUM 1.96608E-22 kW
0  TOTAL MASS OF MATERIAL               1.16500E-04 kg
   PROTON   FLUX DURING INTERVAL        0.00000E+00 p/cm**2/s
0  NUMBER OF FISSIONS                   0.00000E+00                 BURN-UP OF ACTINIDES  0.00000E+00 %
0  INGESTION  HAZARD FOR ALL MATERIALS  1.39728E-15 Sv/kg
   INHALATION HAZARD FOR ALL MATERIALS  7.98445E-15 Sv/kg
0  INGESTION  HAZARD EXCLUDING TRITIUM  1.39728E-15 Sv/kg
   INHALATION HAZARD EXCLUDING TRITIUM  7.98445E-15 Sv/kg
0  APPM OF He  4    =  4.1986E-08
   APPM OF He  3    =  3.0657E-23
   APPM OF H   3    =  1.3574E-47
   APPM OF H   2    =  9.4901E-09
   APPM OF H   1    =  3.6431E-10



                                               COMPOSITION  OF  MATERIAL  BY  ELEMENT
                                               --------------------------------------
0                                                             BETA                     GAMMA                     ALPHA
                      ATOMS      GRAM-ATOMS     GRAMS      CURIES-MeV      kW        CURIES-MeV      kW        CURIES-MeV      kW

    1       H       2.4617E+07   4.0877E-17   8.0809E-17   0.0000E+00   0.0000E+00   0.0000E+00   0.0000E+00   0.0000E+00   0.0000E+00
    2       He      1.0488E+08   1.7416E-16   6.9710E-16   0.0000E+00   0.0000E+00   0.0000E+00   0.0000E+00   0.0000E+00   0.0000E+00
   12       Mg      3.9720E+06   6.5956E-18   1.7135E-16   0.0000E+00   0.0000E+00   0.0000E+00   0.0000E+00   0.0000E+00   0.0000E+00
   13       Al      1.0091E+08   1.6757E-16   4.4997E-15   4.3042E-18   2.5516E-23   2.8862E-17   1.7109E-22   0.0000E+00   0.0000E+00
   14       Si      2.4980E+21   4.1481E-03   1.1650E-01   0.0000E+00   0.0000E+00   0.0000E+00   0.0000E+00   0.0000E+00   0.0000E+00
   15       P       8.4677E+04   1.4061E-19   4.3552E-18   0.0000E+00   0.0000E+00   0.0000E+00   0.0000E+00   0.0000E+00   0.0000E+00



                                               GAMMA SPECTRUM AND ENERGIES/SECOND
                                               ----------------------------------

     NEUTRONS PER SECOND ARISING FROM SPONTANEOUS FISSION                    0.00000E+00    Entered density (g/cc)       2.33
     POWER FROM ALPHA PARTICLES (MeV per Second)                             0.00000E+00
     POWER FROM BETA  PARTICLES (MeV per Second)                             1.59256E-07
     TOTAL GAMMA POWER FROM ACTIVATION  (MeV per Second)                     1.06788E-06    Total gammas (per cc per second)      2.14433E-05
     GAMMA RAY POWER FROM ACTIVATION DECAY  MeV/s    (  0.000-  0.010 MeV)   2.21494E-12    Gammas per group (per cc per second)  8.85978E-09
                                                     (  0.010-  0.020 MeV)   0.00000E+00                                          0.00000E+00
                                                     (  0.020-  0.050 MeV)   0.00000E+00                                          0.00000E+00
                                                     (  0.050-  0.100 MeV)   0.00000E+00                                          0.00000E+00
                                                     (  0.100-  0.200 MeV)   0.00000E+00                                          0.00000E+00
                                                     (  0.200-  0.300 MeV)   0.00000E+00                                          0.00000E+00
                                                     (  0.300-  0.400 MeV)   0.00000E+00                                          0.00000E+00
                                                     (  0.400-  0.600 MeV)   3.33462E-07                                          1.33385E-05
                                                     (  0.600-  0.800 MeV)   0.00000E+00                                          0.00000E+00
                                                     (  0.800-  1.000 MeV)   0.00000E+00                                          0.00000E+00
                                                     (  1.000-  1.220 MeV)   1.12747E-08                                          2.03149E-07
                                                     (  1.220-  1.440 MeV)   0.00000E+00                                          0.00000E+00
                                                     (  1.440-  1.660 MeV)   0.00000E+00                                          0.00000E+00
                                                     (  1.660-  2.000 MeV)   7.20321E-07                                          7.87236E-06
                                                     (  2.000-  2.500 MeV)   0.00000E+00                                          0.00000E+00
                                                     (  2.500-  3.000 MeV)   2.81500E-09                                          2.04727E-08
                                                     (  3.000-  4.000 MeV)   0.00000E+00                                          0.00000E+00
                                                     (  4.000-  5.000 MeV)   0.00000E+00                                          0.00000E+00
                                                     (  5.000-  6.500 MeV)   0.00000E+00                                          0.00000E+00
                                                     (  6.500-  8.000 MeV)   0.00000E+00                                          0.00000E+00
                                                     (  8.000- 10.000 MeV)   0.00000E+00                                          0.00000E+00
                                                     ( 10.000- 12.000 MeV)   0.00000E+00                                          0.00000E+00
                                                     ( 12.000- 14.000 MeV)   0.00000E+00                                          0.00000E+00
                                                     ( 14.000- 20.000 MeV)   0.00000E+00                                          0.00000E+00

    DOSE RATE (PLANE SOURCE) FROM GAMMAS WITH ENERGY 0-20 MeV IS            2.46599E-12 Sieverts/hour   ( 2.46599E-10 Rems/hour)




                                                                           DOMINANT NUCLIDES
                                                                           -----------------

      NUCLIDE   ACTIVITY    PERCENT  NUCLIDE     HEAT      PERCENT  NUCLIDE  DOSE RATE    PERCENT  NUCLIDE  INGESTION    PERCENT  NUCLIDE  INHALATION   PERCENT 
                  (Bq)      ACTIVITY             (kW)       HEAT              (Sv/hr)    DOSE RATE            (Sv)      INGESTION            (Sv)     INHALATION
       Total   3.9922E-07             Total   1.9661E-22             Total   2.4660E-12             Total   1.3973E-15             Total   7.9845E-15
    1  Al 26   3.9922E-07  10.00E+01  Al 26   1.9661E-22  10.00E+01  Al 26   2.4660E-12  10.00E+01  Al 26   1.3973E-15  10.00E+01  Al 26   7.9845E-15  10.00E+01

      NUCLIDE  GAMMA HEAT   PERCENT  NUCLIDE   BETA HEAT   PERCENT 
                  (kW)       GAMMA               (kW)       BETA
       Total   1.7109E-22             Total   2.5516E-23
    1  Al 26   1.7109E-22  10.00E+01  Al 26   2.5516E-23  10.00E+01



                                                              UNCERTAINTY ESTIMATES (cross sections only)
                                                              -------------------------------------------

    Uncertainty estimates are based on pathway analysis for the irradiation phase
    Total Activity is          3.99223E-07  +/-   0.00E+00  Bq.        Error is   0.00E+00 % of the total.

    Total Heat Production is   1.96608E-22  +/-   0.00E+00  kW.        Error is   0.00E+00 % of the total.

    Total Gamma Dose Rate is   2.46599E-12  +/-   0.00E+00  Sv/hr.     Error is   0.00E+00 % of the total.

    Total Ingestion Dose is    1.39728E-15  +/-   0.00E+00  Sv.        Error is   0.00E+00 % of the total.

    Total Inhalation Dose is   7.98445E-15  +/-   0.00E+00  Sv.        Error is   0.00E+00 % of the total.

    Total Gamma Heat Prod is   1.71093E-22  +/-   0.00E+00  kW.        Error is   0.00E+00 % of the total.

    Total Beta Heat Prod is    2.55156E-23  +/-   0.00E+00  kW.        Error is   0.00E+00 % of the total.

0   Nuclide     Atoms     E(Atoms)  Activity E(Activity)   Heat     E(Heat)  Dose Rate E(Dose Rate) Ingest   E(Ingest)   Inhale   E(Inhale)   % Error
    Al 26    1.30318E+07  0.00E+00  3.992E-07  0.00E+00  1.966E-22  0.00E+00  2.466E-12  0.00E+00  1.397E-15  0.00E+00  7.984E-15  0.00E+00  0.000E+00
1 * * * TIME INTERVAL   5 * * * COOLING TIME IS   8.6400E+04 SECS OR  1.0000E+00 DAYS  * * * ELAPSED TIME IS   1.042 d   * * * FLUX AMP IS  0.0000E+00 /cm^2/s  * * *
  NUCLIDE        ATOMS         GRAMS        Bq       b-Energy    a-Energy   g-Energy    DOSE RATE   INGESTION  INHALATION     Bq/A2     HALF LIFE            
                                                        kW          kW         kW         Sv/hr      DOSE(Sv)    DOSE(Sv)     Ratio      seconds             

  H   1    #  9.10065E+05   1.523E-18   0.000E+00   0.000E+00   0.00E+00   0.000E+00   0.000E+00   0.000E+00   0.000E+00   0.000E+00     Stable             
  H   2    #  2.37064E+07   7.929E-17   0.000E+00   0.000E+00   0.00E+00   0.000E+00   0.000E+00   0.000E+00   0.000E+00   0.000E+00     Stable             
  He  4    #  1.04883E+08   6.971E-16   0.000E+00   0.000E+00   0.00E+00   0.000E+00   0.000E+00   0.000E+00   0.000E+00   0.000E+00     Stable             
  Mg 25    #  1.36642E+04   5.669E-19   0.000E+00   0.000E+00   0.00E+00   0.000E+00   0.000E+00   0.000E+00   0.000E+00   0.000E+00     Stable             
  Mg 26    #  3.95829E+06   1.708E-16   0.000E+00   0.000E+00   0.00E+00   0.000E+00   0.000E+00   0.000E+00   0.000E+00   0.000E+00     Stable             
  Al 26       1.30318E+07   5.623E-16   3.992E-07   2.552E-23   0.00E+00   1.711E-22   2.466E-12   1.397E-15   7.984E-15   3.992E-18   2.263E+13            
  Al 27    #  8.78791E+07   3.937E-15   0.000E+00   0.000E+00   0.00E+00   0.000E+00   0.000E+00   0.000E+00   0.000E+00   0.000E+00     Stable             
  Si 28    #> 2.30393E+21   1.070E-01   0.000E+00   0.000E+00   0.00E+00   0.000E+00   0.000E+00   0.000E+00   0.000E+00   0.000E+00     Stable             
  Si 29    #> 1.16982E+20   5.629E-03   0.000E+00   0.000E+00   0.00E+00   0.000E+00   0.000E+00   0.000E+00   0.000E+00   0.000E+00     Stable             
  Si 30    #> 7.71140E+19   3.838E-03   0.000E+00   0.000E+00   0.00E+00   0.000E+00   0.000E+00   0.000E+00   0.000E+00   0.000E+00     Stable             
  P  31    #  8.46766E+04   4.355E-18   0.000E+00   0.000E+00   0.00E+00   0.000E+00   0.000E+00   0.000E+00   0.000E+00   0.000E+00     Stable             
0  TOTAL NUMBER OF NUCLIDES PRINTED IN INVENTORY =   11
0  TOTAL CURIES   TOTAL ALPHA   TOTAL BETA    TOTAL GAMMA
                  CURIE-MeV     CURIE-MeV     CURIE-MeV
   1.07898E-17   0.00000E+00   4.30421E-18   2.88615E-17
0  ALPHA BECQUERELS = 0.000000E+00  BETA BECQUERELS = 3.992225E-07  GAMMA BECQUERELS = 0.000000E+00
0  TOTAL ACTIVITY FOR ALL MATERIALS     3.99223E-07 Bq              TOTAL Bq/A2 RATIOS  3.99E-18  EFFECTIVE A2  0.00E+00 Bq
                                        2.15796E-16 Ci/cc           DENSITY   2.33E+00 gm/cc
   TOTAL ACTIVITY EXCLUDING TRITIUM     3.99223E-07 Bq
                                        2.15796E-16 Ci/cc
0  TOTAL ALPHA HEAT PRODUCTION          0.00000E+00 kW
   TOTAL BETA  HEAT PRODUCTION          2.55156E-23 kW
   TOTAL GAMMA HEAT PRODUCTION          1.71093E-22 kW              TOTAL HEAT PRODUCTION 1.96608E-22 kW
0  INITIAL TOTAL MASS OF MATERIAL       1.16500E-04 kg              TOTAL HEAT EX TRITIUM 1.96608E-22 kW
0  TOTAL MASS OF MATERIAL               1.16500E-04 kg
   PROTON   FLUX DURING INTERVAL        0.00000E+00 p/cm**2/s
0  NUMBER OF FISSIONS                   0.00000E+00                 BURN-UP OF ACTINIDES  0.00000E+00 %
0  INGESTION  HAZARD FOR ALL MATERIALS  1.39728E-15 Sv/kg
   INHALATION HAZARD FOR ALL MATERIALS  7.98445E-15 Sv/kg
0  INGESTION  HAZARD EXCLUDING TRITIUM  1.39728E-15 Sv/kg
   INHALATION HAZARD EXCLUDING TRITIUM  7.98445E-15 Sv/kg
0  APPM OF He  4    =  4.1986E-08
   APPM OF He  3    =  3.0657E-23
   APPM OF H   3    =  1.3571E-47
   APPM OF H   2    =  9.4901E-09
   APPM OF H   1    =  3.6431E-10



                                               COMPOSITION  OF  MATERIAL  BY  ELEMENT
                                               --------------------------------------
0                                                             BETA                     GAMMA                     ALPHA
                      ATOMS      GRAM-ATOMS     GRAMS      CURIES-MeV      kW        CURIES-MeV      kW        CURIES-MeV      kW

    1       H       2.4617E+07   4.0877E-17   8.0809E-17   0.0000E+00   0.0000E+00   0.0000E+00   0.0000E+00   0.0000E+00   0.0000E+00
    2       He      1.0488E+08   1.7416E-16   6.9710E-16   0.0000E+00   0.0000E+00   0.0000E+00   0.0000E+00   0.0000E+00   0.0000E+00
   12       Mg      3.9720E+06   6.5956E-18   1.7135E-16   0.0000E+00   0.0000E+00   0.0000E+00   0.0000E+00   0.0000E+00   0.0000E+00
   13       Al      1.0091E+08   1.6757E-16   4.4997E-15   4.3042E-18   2.5516E-23   2.8862E-17   1.7109E-22   0.0000E+00   0.0000E+00
   14       Si      2.4980E+21   4.1481E-03   1.1650E-01   0.0000E+00   0.0000E+00   0.0000E+00   0.0000E+00   0.0000E+00   0.0000E+00
   15       P       8.4677E+04   1.4061E-19   4.3552E-18   0.0000E+00   0.0000E+00   0.0000E+00   0.0000E+00   0.0000E+00   0.0000E+00



                                               GAMMA SPECTRUM AND ENERGIES/SECOND
                                               ----------------------------------

     NEUTRONS PER SECOND ARISING FROM SPONTANEOUS FISSION                    0.00000E+00    Entered density (g/cc)       2.33
     POWER FROM ALPHA PARTICLES (MeV per Second)                             0.00000E+00
     POWER FROM BETA  PARTICLES (MeV per Second)                             1.59256E-07
     TOTAL GAMMA POWER FROM ACTIVATION  (MeV per Second)                     1.06788E-06    Total gammas (per cc per second)      2.14433E-05
     GAMMA RAY POWER FROM ACTIVATION DECAY  MeV/s    (  0.000-  0.010 MeV)   2.21494E-12    Gammas per group (per cc per second)  8.85978E-09
                                                     (  0.010-  0.020 MeV)   0.00000E+00                                          0.00000E+00
                                                     (  0.020-  0.050 MeV)   0.00000E+00                                          0.00000E+00
                                                     (  0.050-  0.100 MeV)   0.00000E+00                                          0.00000E+00
                                                     (  0.100-  0.200 MeV)   0.00000E+00                                          0.00000E+00
                                                     (  0.200-  0.300 MeV)   0.00000E+00                                          0.00000E+00
                                                     (  0.300-  0.400 MeV)   0.00000E+00                                          0.00000E+00
                                                     (  0.400-  0.600 MeV)   3.33462E-07                                          1.33385E-05
                                                     (  0.600-  0.800 MeV)   0.00000E+00                                          0.00000E+00
                                                     (  0.800-  1.000 MeV)   0.00000E+00                                          0.00000E+00
                                                     (  1.000-  1.220 MeV)   1.12747E-08                                          2.03149E-07
                                                     (  1.220-  1.440 MeV)   0.00000E+00                                          0.00000E+00
                                                     (  1.440-  1.660 MeV)   0.00000E+00                                          0.00000E+00
                                                     (  1.660-  2.000 MeV)   7.20321E-07                                          7.87236E-06
                                                     (  2.000-  2.500 MeV)   0.00000E+00                                          0.00000E+00
                                                     (  2.500-  3.000 MeV)   2.81500E-09                                          2.04727E-08
                                                     (  3.000-  4.000 MeV)   0.00000E+00                                          0.00000E+00
                                                     (  4.000-  5.000 MeV)   0.00000E+00                                          0.00000E+00
                                                     (  5.000-  6.500 MeV)   0.00000E+00                                          0.00000E+00
                                                     (  6.500-  8.000 MeV)   0.00000E+00                                          0.00000E+00
                                                     (  8.000- 10.000 MeV)   0.00000E+00                                          0.00000E+00
                                                     ( 10.000- 12.000 MeV)   0.00000E+00                                          0.00000E+00
                                                     ( 12.000- 14.000 MeV)   0.00000E+00                                          0.00000E+00
                                                     ( 14.000- 20.000 MeV)   0.00000E+00                                          0.00000E+00

    DOSE RATE (PLANE SOURCE) FROM GAMMAS WITH ENERGY 0-20 MeV IS            2.46599E-12 Sieverts/hour   ( 2.46599E-10 Rems/hour)




                                                                           DOMINANT NUCLIDES
                                                                           -----------------

      NUCLIDE   ACTIVITY    PERCENT  NUCLIDE     HEAT      PERCENT  NUCLIDE  DOSE RATE    PERCENT  NUCLIDE  INGESTION    PERCENT  NUCLIDE  INHALATION   PERCENT 
                  (Bq)      ACTIVITY             (kW)       HEAT              (Sv/hr)    DOSE RATE            (Sv)      INGESTION            (Sv)     INHALATION
       Total   3.9922E-07             Total   1.9661E-22             Total   2.4660E-12             Total   1.3973E-15             Total   7.9845E-15
    1  Al 26   3.9922E-07  10.00E+01  Al 26   1.9661E-22  10.00E+01  Al 26   2.4660E-12  10.00E+01  Al 26   1.3973E-15  10.00E+01  Al 26   7.9845E-15  10.00E+01

      NUCLIDE  GAMMA HEAT   PERCENT  NUCLIDE   BETA HEAT   PERCENT 
                  (kW)       GAMMA               (kW)       BETA
       Total   1.7109E-22             Total   2.5516E-23
    1  Al 26   1.7109E-22  10.00E+01  Al 26   2.5516E-23  10.00E+01



                                                              UNCERTAINTY ESTIMATES (cross sections only)
                                                              -------------------------------------------

    Uncertainty estimates are based on pathway analysis for the irradiation phase
    Total Activity is          3.99223E-07  +/-   0.00E+00  Bq.        Error is   0.00E+00 % of the total.

    Total Heat Production is   1.96608E-22  +/-   0.00E+00  kW.        Error is   0.00E+00 % of the total.

    Total Gamma Dose Rate is   2.46599E-12  +/-   0.00E+00  Sv/hr.     Error is   0.00E+00 % of the total.

    Total Ingestion Dose is    1.39728E-15  +/-   0.00E+00  Sv.        Error is   0.00E+00 % of the total.

    Total Inhalation Dose is   7.98445E-15  +/-   0.00E+00  Sv.        Error is   0.00E+00 % of the total.

    Total Gamma Heat Prod is   1.71093E-22  +/-   0.00E+00  kW.        Error is   0.00E+00 % of the total.

    Total Beta Heat Prod is    2.55156E-23  +/-   0.00E+00  kW.        Error is   0.00E+00 % of the total.

0   Nuclide     Atoms     E(Atoms)  Activity E(Activity)   Heat     E(Heat)  Dose Rate E(Dose Rate) Ingest   E(Ingest)   Inhale   E(Inhale)   % Error
    Al 26    1.30318E+07  0.00E+00  3.992E-07  0.00E+00  1.966E-22  0.00E+00  2.466E-12  0.00E+00  1.397E-15  0.00E+00  7.984E-15  0.00E+00  0.000E+00
1 * * * TIME INTERVAL   6 * * * COOLING TIME IS   3.8880E+06 SECS OR  4.5000E+01 DAYS  * * * ELAPSED TIME IS  46.042 d   * * * FLUX AMP IS  0.0000E+00 /cm^2/s  * * *
  NUCLIDE        ATOMS         GRAMS        Bq       b-Energy    a-Energy   g-Energy    DOSE RATE   INGESTION  INHALATION     Bq/A2     HALF LIFE            
                                                        kW          kW         kW         Sv/hr      DOSE(Sv)    DOSE(Sv)     Ratio      seconds             

  H   1    #  9.10065E+05   1.523E-18   0.000E+00   0.000E+00   0.00E+00   0.000E+00   0.000E+00   0.000E+00   0.000E+00   0.000E+00     Stable             
  H   2    #  2.37064E+07   7.929E-17   0.000E+00   0.000E+00   0.00E+00   0.000E+00   0.000E+00   0.000E+00   0.000E+00   0.000E+00     Stable             
  He  4    #  1.04883E+08   6.971E-16   0.000E+00   0.000E+00   0.00E+00   0.000E+00   0.000E+00   0.000E+00   0.000E+00   0.000E+00     Stable             
  Mg 25    #  1.36642E+04   5.669E-19   0.000E+00   0.000E+00   0.00E+00   0.000E+00   0.000E+00   0.000E+00   0.000E+00   0.000E+00     Stable             
  Mg 26    #  3.95830E+06   1.708E-16   0.000E+00   0.000E+00   0.00E+00   0.000E+00   0.000E+00   0.000E+00   0.000E+00   0.000E+00     Stable             
  Al 26       1.30318E+07   5.623E-16   3.992E-07   2.552E-23   0.00E+00   1.711E-22   2.466E-12   1.397E-15   7.984E-15   3.992E-18   2.263E+13            
  Al 27    #  8.78791E+07   3.937E-15   0.000E+00   0.000E+00   0.00E+00   0.000E+00   0.000E+00   0.000E+00   0.000E+00   0.000E+00     Stable             
  Si 28    #> 2.30393E+21   1.070E-01   0.000E+00   0.000E+00   0.00E+00   0.000E+00   0.000E+00   0.000E+00   0.000E+00   0.000E+00     Stable             
  Si 29    #> 1.16982E+20   5.629E-03   0.000E+00   0.000E+00   0.00E+00   0.000E+00   0.000E+00   0.000E+00   0.000E+00   0.000E+00     Stable             
  Si 30    #> 7.71140E+19   3.838E-03   0.000E+00   0.000E+00   0.00E+00   0.000E+00   0.000E+00   0.000E+00   0.000E+00   0.000E+00     Stable             
  P  31    #  8.46766E+04   4.355E-18   0.000E+00   0.000E+00   0.00E+00   0.000E+00   0.000E+00   0.000E+00   0.000E+00   0.000E+00     Stable             
0  TOTAL NUMBER OF NUCLIDES PRINTED IN INVENTORY =   11
0  TOTAL CURIES   TOTAL ALPHA   TOTAL BETA    TOTAL GAMMA
                  CURIE-MeV     CURIE-MeV     CURIE-MeV
   1.07898E-17   0.00000E+00   4.30421E-18   2.88615E-17
0  ALPHA BECQUERELS = 0.000000E+00  BETA BECQUERELS = 3.992225E-07  GAMMA BECQUERELS = 0.000000E+00
0  TOTAL ACTIVITY FOR ALL MATERIALS     3.99222E-07 Bq              TOTAL Bq/A2 RATIOS  3.99E-18  EFFECTIVE A2  0.00E+00 Bq
                                        2.15796E-16 Ci/cc           DENSITY   2.33E+00 gm/cc
   TOTAL ACTIVITY EXCLUDING TRITIUM     3.99222E-07 Bq
                                        2.15796E-16 Ci/cc
0  TOTAL ALPHA HEAT PRODUCTION          0.00000E+00 kW
   TOTAL BETA  HEAT PRODUCTION          2.55156E-23 kW
   TOTAL GAMMA HEAT PRODUCTION          1.71093E-22 kW              TOTAL HEAT PRODUCTION 1.96608E-22 kW
0  INITIAL TOTAL MASS OF MATERIAL       1.16500E-04 kg              TOTAL HEAT EX TRITIUM 1.96608E-22 kW
0  TOTAL MASS OF MATERIAL               1.16500E-04 kg
   PROTON   FLUX DURING INTERVAL        0.00000E+00 p/cm**2/s
0  NUMBER OF FISSIONS                   0.00000E+00                 BURN-UP OF ACTINIDES  0.00000E+00 %
0  INGESTION  HAZARD FOR ALL MATERIALS  1.39728E-15 Sv/kg
   INHALATION HAZARD FOR ALL MATERIALS  7.98445E-15 Sv/kg
0  INGESTION  HAZARD EXCLUDING TRITIUM  1.39728E-15 Sv/kg
   INHALATION HAZARD EXCLUDING TRITIUM  7.98445E-15 Sv/kg
0  APPM OF He  4    =  4.1986E-08
   APPM OF He  3    =  3.0657E-23
   APPM OF H   3    =  1.3478E-47
   APPM OF H   2    =  9.4901E-09
   APPM OF H   1    =  3.6431E-10



                                               COMPOSITION  OF  MATERIAL  BY  ELEMENT
                                               --------------------------------------
0                                                             BETA                     GAMMA                     ALPHA
                      ATOMS      GRAM-ATOMS     GRAMS      CURIES-MeV      kW        CURIES-MeV      kW        CURIES-MeV      kW

    1       H       2.4617E+07   4.0877E-17   8.0809E-17   0.0000E+00   0.0000E+00   0.0000E+00   0.0000E+00   0.0000E+00   0.0000E+00
    2       He      1.0488E+08   1.7416E-16   6.9710E-16   0.0000E+00   0.0000E+00   0.0000E+00   0.0000E+00   0.0000E+00   0.0000E+00
   12       Mg      3.9720E+06   6.5956E-18   1.7135E-16   0.0000E+00   0.0000E+00   0.0000E+00   0.0000E+00   0.0000E+00   0.0000E+00
   13       Al      1.0091E+08   1.6757E-16   4.4997E-15   4.3042E-18   2.5516E-23   2.8862E-17   1.7109E-22   0.0000E+00   0.0000E+00
   14       Si      2.4980E+21   4.1481E-03   1.1650E-01   0.0000E+00   0.0000E+00   0.0000E+00   0.0000E+00   0.0000E+00   0.0000E+00
   15       P       8.4677E+04   1.4061E-19   4.3552E-18   0.0000E+00   0.0000E+00   0.0000E+00   0.0000E+00   0.0000E+00   0.0000E+00



                                               GAMMA SPECTRUM AND ENERGIES/SECOND
                                               ----------------------------------

     NEUTRONS PER SECOND ARISING FROM SPONTANEOUS FISSION                    0.00000E+00    Entered density (g/cc)       2.33
     POWER FROM ALPHA PARTICLES (MeV per Second)                             0.00000E+00
     POWER FROM BETA  PARTICLES (MeV per Second)                             1.59256E-07
     TOTAL GAMMA POWER FROM ACTIVATION  (MeV per Second)                     1.06788E-06    Total gammas (per cc per second)      2.14433E-05
     GAMMA RAY POWER FROM ACTIVATION DECAY  MeV/s    (  0.000-  0.010 MeV)   2.21494E-12    Gammas per group (per cc per second)  8.85978E-09
                                                     (  0.010-  0.020 MeV)   0.00000E+00                                          0.00000E+00
                                                     (  0.020-  0.050 MeV)   0.00000E+00                                          0.00000E+00
                                                     (  0.050-  0.100 MeV)   0.00000E+00                                          0.00000E+00
                                                     (  0.100-  0.200 MeV)   0.00000E+00                                          0.00000E+00
                                                     (  0.200-  0.300 MeV)   0.00000E+00                                          0.00000E+00
                                                     (  0.300-  0.400 MeV)   0.00000E+00                                          0.00000E+00
                                                     (  0.400-  0.600 MeV)   3.33462E-07                                          1.33385E-05
                                                     (  0.600-  0.800 MeV)   0.00000E+00                                          0.00000E+00
                                                     (  0.800-  1.000 MeV)   0.00000E+00                                          0.00000E+00
                                                     (  1.000-  1.220 MeV)   1.12747E-08                                          2.03148E-07
                                                     (  1.220-  1.440 MeV)   0.00000E+00                                          0.00000E+00
                                                     (  1.440-  1.660 MeV)   0.00000E+00                                          0.00000E+00
                                                     (  1.660-  2.000 MeV)   7.20321E-07                                          7.87236E-06
                                                     (  2.000-  2.500 MeV)   0.00000E+00                                          0.00000E+00
                                                     (  2.500-  3.000 MeV)   2.81500E-09                                          2.04727E-08
                                                     (  3.000-  4.000 MeV)   0.00000E+00                                          0.00000E+00
                                                     (  4.000-  5.000 MeV)   0.00000E+00                                          0.00000E+00
                                                     (  5.000-  6.500 MeV)   0.00000E+00                                          0.00000E+00
                                                     (  6.500-  8.000 MeV)   0.00000E+00                                          0.00000E+00
                                                     (  8.000- 10.000 MeV)   0.00000E+00                                          0.00000E+00
                                                     ( 10.000- 12.000 MeV)   0.00000E+00                                          0.00000E+00
                                                     ( 12.000- 14.000 MeV)   0.00000E+00                                          0.00000E+00
                                                     ( 14.000- 20.000 MeV)   0.00000E+00                                          0.00000E+00

    DOSE RATE (PLANE SOURCE) FROM GAMMAS WITH ENERGY 0-20 MeV IS            2.46599E-12 Sieverts/hour   ( 2.46599E-10 Rems/hour)




                                                                           DOMINANT NUCLIDES
                                                                           -----------------

      NUCLIDE   ACTIVITY    PERCENT  NUCLIDE     HEAT      PERCENT  NUCLIDE  DOSE RATE    PERCENT  NUCLIDE  INGESTION    PERCENT  NUCLIDE  INHALATION   PERCENT 
                  (Bq)      ACTIVITY             (kW)       HEAT              (Sv/hr)    DOSE RATE            (Sv)      INGESTION            (Sv)     INHALATION
       Total   3.9922E-07             Total   1.9661E-22             Total   2.4660E-12             Total   1.3973E-15             Total   7.9844E-15
    1  Al 26   3.9922E-07  10.00E+01  Al 26   1.9661E-22  10.00E+01  Al 26   2.4660E-12  10.00E+01  Al 26   1.3973E-15  10.00E+01  Al 26   7.9844E-15  10.00E+01

      NUCLIDE  GAMMA HEAT   PERCENT  NUCLIDE   BETA HEAT   PERCENT 
                  (kW)       GAMMA               (kW)       BETA
       Total   1.7109E-22             Total   2.5516E-23
    1  Al 26   1.7109E-22  10.00E+01  Al 26   2.5516E-23  10.00E+01



                                                              UNCERTAINTY ESTIMATES (cross sections only)
                                                              -------------------------------------------

    Uncertainty estimates are based on pathway analysis for the irradiation phase
    Total Activity is          3.99222E-07  +/-   0.00E+00  Bq.        Error is   0.00E+00 % of the total.

    Total Heat Production is   1.96608E-22  +/-   0.00E+00  kW.        Error is   0.00E+00 % of the total.

    Total Gamma Dose Rate is   2.46599E-12  +/-   0.00E+00  Sv/hr.     Error is   0.00E+00 % of the total.

    Total Ingestion Dose is    1.39728E-15  +/-   0.00E+00  Sv.        Error is   0.00E+00 % of the total.

    Total Inhalation Dose is   7.98445E-15  +/-   0.00E+00  Sv.        Error is   0.00E+00 % of the total.

    Total Gamma Heat Prod is   1.71093E-22  +/-   0.00E+00  kW.        Error is   0.00E+00 % of the total.

    Total Beta Heat Prod is    2.55156E-23  +/-   0.00E+00  kW.        Error is   0.00E+00 % of the total.

0   Nuclide     Atoms     E(Atoms)  Activity E(Activity)   Heat     E(Heat)  Dose Rate E(Dose Rate) Ingest   E(Ingest)   Inhale   E(Inhale)   % Error
    Al 26    1.30318E+07  0.00E+00  3.992E-07  0.00E+00  1.966E-22  0.00E+00  2.466E-12  0.00E+00  1.397E-15  0.00E+00  7.984E-15  0.00E+00  0.000E+00
1 * * * TIME INTERVAL   7 * * * COOLING TIME IS   2.7562E+07 SECS OR  3.1900E+02 DAYS  * * * ELAPSED TIME IS 365.042 d   * * * FLUX AMP IS  0.0000E+00 /cm^2/s  * * *
  NUCLIDE        ATOMS         GRAMS        Bq       b-Energy    a-Energy   g-Energy    DOSE RATE   INGESTION  INHALATION     Bq/A2     HALF LIFE            
                                                        kW          kW         kW         Sv/hr      DOSE(Sv)    DOSE(Sv)     Ratio      seconds             

  H   1    #  9.10065E+05   1.523E-18   0.000E+00   0.000E+00   0.00E+00   0.000E+00   0.000E+00   0.000E+00   0.000E+00   0.000E+00     Stable             
  H   2    #  2.37064E+07   7.929E-17   0.000E+00   0.000E+00   0.00E+00   0.000E+00   0.000E+00   0.000E+00   0.000E+00   0.000E+00     Stable             
  He  4    #  1.04883E+08   6.971E-16   0.000E+00   0.000E+00   0.00E+00   0.000E+00   0.000E+00   0.000E+00   0.000E+00   0.000E+00     Stable             
  Mg 25    #  1.36642E+04   5.669E-19   0.000E+00   0.000E+00   0.00E+00   0.000E+00   0.000E+00   0.000E+00   0.000E+00   0.000E+00     Stable             
  Mg 26    #  3.95831E+06   1.708E-16   0.000E+00   0.000E+00   0.00E+00   0.000E+00   0.000E+00   0.000E+00   0.000E+00   0.000E+00     Stable             
  Al 26       1.30317E+07   5.623E-16   3.992E-07   2.552E-23   0.00E+00   1.711E-22   2.466E-12   1.397E-15   7.984E-15   3.992E-18   2.263E+13            
  Al 27    #  8.78791E+07   3.937E-15   0.000E+00   0.000E+00   0.00E+00   0.000E+00   0.000E+00   0.000E+00   0.000E+00   0.000E+00     Stable             
  Si 28    #> 2.30393E+21   1.070E-01   0.000E+00   0.000E+00   0.00E+00   0.000E+00   0.000E+00   0.000E+00   0.000E+00   0.000E+00     Stable             
  Si 29    #> 1.16982E+20   5.629E-03   0.000E+00   0.000E+00   0.00E+00   0.000E+00   0.000E+00   0.000E+00   0.000E+00   0.000E+00     Stable             
  Si 30    #> 7.71140E+19   3.838E-03   0.000E+00   0.000E+00   0.00E+00   0.000E+00   0.000E+00   0.000E+00   0.000E+00   0.000E+00     Stable             
  P  31    #  8.46766E+04   4.355E-18   0.000E+00   0.000E+00   0.00E+00   0.000E+00   0.000E+00   0.000E+00   0.000E+00   0.000E+00     Stable             
0  TOTAL NUMBER OF NUCLIDES PRINTED IN INVENTORY =   11
0  TOTAL CURIES   TOTAL ALPHA   TOTAL BETA    TOTAL GAMMA
                  CURIE-MeV     CURIE-MeV     CURIE-MeV
   1.07898E-17   0.00000E+00   4.30421E-18   2.88615E-17
0  ALPHA BECQUERELS = 0.000000E+00  BETA BECQUERELS = 3.992221E-07  GAMMA BECQUERELS = 0.000000E+00
0  TOTAL ACTIVITY FOR ALL MATERIALS     3.99222E-07 Bq              TOTAL Bq/A2 RATIOS  3.99E-18  EFFECTIVE A2  0.00E+00 Bq
                                        2.15796E-16 Ci/cc           DENSITY   2.33E+00 gm/cc
   TOTAL ACTIVITY EXCLUDING TRITIUM     3.99222E-07 Bq
                                        2.15796E-16 Ci/cc
0  TOTAL ALPHA HEAT PRODUCTION          0.00000E+00 kW
   TOTAL BETA  HEAT PRODUCTION          2.55156E-23 kW
   TOTAL GAMMA HEAT PRODUCTION          1.71092E-22 kW              TOTAL HEAT PRODUCTION 1.96608E-22 kW
0  INITIAL TOTAL MASS OF MATERIAL       1.16500E-04 kg              TOTAL HEAT EX TRITIUM 1.96608E-22 kW
0  TOTAL MASS OF MATERIAL               1.16500E-04 kg
   PROTON   FLUX DURING INTERVAL        0.00000E+00 p/cm**2/s
0  NUMBER OF FISSIONS                   0.00000E+00                 BURN-UP OF ACTINIDES  0.00000E+00 %
0  INGESTION  HAZARD FOR ALL MATERIALS  1.39728E-15 Sv/kg
   INHALATION HAZARD FOR ALL MATERIALS  7.98444E-15 Sv/kg
0  INGESTION  HAZARD EXCLUDING TRITIUM  1.39728E-15 Sv/kg
   INHALATION HAZARD EXCLUDING TRITIUM  7.98444E-15 Sv/kg
0  APPM OF He  4    =  4.1986E-08
   APPM OF He  3    =  3.0657E-23
   APPM OF H   3    =  1.2841E-47
   APPM OF H   2    =  9.4901E-09
   APPM OF H   1    =  3.6431E-10



                                               COMPOSITION  OF  MATERIAL  BY  ELEMENT
                                               --------------------------------------
0                                                             BETA                     GAMMA                     ALPHA
                      ATOMS      GRAM-ATOMS     GRAMS      CURIES-MeV      kW        CURIES-MeV      kW        CURIES-MeV      kW

    1       H       2.4617E+07   4.0877E-17   8.0809E-17   0.0000E+00   0.0000E+00   0.0000E+00   0.0000E+00   0.0000E+00   0.0000E+00
    2       He      1.0488E+08   1.7416E-16   6.9710E-16   0.0000E+00   0.0000E+00   0.0000E+00   0.0000E+00   0.0000E+00   0.0000E+00
   12       Mg      3.9720E+06   6.5956E-18   1.7135E-16   0.0000E+00   0.0000E+00   0.0000E+00   0.0000E+00   0.0000E+00   0.0000E+00
   13       Al      1.0091E+08   1.6757E-16   4.4997E-15   4.3042E-18   2.5516E-23   2.8861E-17   1.7109E-22   0.0000E+00   0.0000E+00
   14       Si      2.4980E+21   4.1481E-03   1.1650E-01   0.0000E+00   0.0000E+00   0.0000E+00   0.0000E+00   0.0000E+00   0.0000E+00
   15       P       8.4677E+04   1.4061E-19   4.3552E-18   0.0000E+00   0.0000E+00   0.0000E+00   0.0000E+00   0.0000E+00   0.0000E+00



                                               GAMMA SPECTRUM AND ENERGIES/SECOND
                                               ----------------------------------

     NEUTRONS PER SECOND ARISING FROM SPONTANEOUS FISSION                    0.00000E+00    Entered density (g/cc)       2.33
     POWER FROM ALPHA PARTICLES (MeV per Second)                             0.00000E+00
     POWER FROM BETA  PARTICLES (MeV per Second)                             1.59256E-07
     TOTAL GAMMA POWER FROM ACTIVATION  (MeV per Second)                     1.06788E-06    Total gammas (per cc per second)      2.14433E-05
     GAMMA RAY POWER FROM ACTIVATION DECAY  MeV/s    (  0.000-  0.010 MeV)   2.21494E-12    Gammas per group (per cc per second)  8.85977E-09
                                                     (  0.010-  0.020 MeV)   0.00000E+00                                          0.00000E+00
                                                     (  0.020-  0.050 MeV)   0.00000E+00                                          0.00000E+00
                                                     (  0.050-  0.100 MeV)   0.00000E+00                                          0.00000E+00
                                                     (  0.100-  0.200 MeV)   0.00000E+00                                          0.00000E+00
                                                     (  0.200-  0.300 MeV)   0.00000E+00                                          0.00000E+00
                                                     (  0.300-  0.400 MeV)   0.00000E+00                                          0.00000E+00
                                                     (  0.400-  0.600 MeV)   3.33462E-07                                          1.33385E-05
                                                     (  0.600-  0.800 MeV)   0.00000E+00                                          0.00000E+00
                                                     (  0.800-  1.000 MeV)   0.00000E+00                                          0.00000E+00
                                                     (  1.000-  1.220 MeV)   1.12747E-08                                          2.03148E-07
                                                     (  1.220-  1.440 MeV)   0.00000E+00                                          0.00000E+00
                                                     (  1.440-  1.660 MeV)   0.00000E+00                                          0.00000E+00
                                                     (  1.660-  2.000 MeV)   7.20320E-07                                          7.87235E-06
                                                     (  2.000-  2.500 MeV)   0.00000E+00                                          0.00000E+00
                                                     (  2.500-  3.000 MeV)   2.81500E-09                                          2.04727E-08
                                                     (  3.000-  4.000 MeV)   0.00000E+00                                          0.00000E+00
                                                     (  4.000-  5.000 MeV)   0.00000E+00                                          0.00000E+00
                                                     (  5.000-  6.500 MeV)   0.00000E+00                                          0.00000E+00
                                                     (  6.500-  8.000 MeV)   0.00000E+00                                          0.00000E+00
                                                     (  8.000- 10.000 MeV)   0.00000E+00                                          0.00000E+00
                                                     ( 10.000- 12.000 MeV)   0.00000E+00                                          0.00000E+00
                                                     ( 12.000- 14.000 MeV)   0.00000E+00                                          0.00000E+00
                                                     ( 14.000- 20.000 MeV)   0.00000E+00                                          0.00000E+00

    DOSE RATE (PLANE SOURCE) FROM GAMMAS WITH ENERGY 0-20 MeV IS            2.46598E-12 Sieverts/hour   ( 2.46598E-10 Rems/hour)




                                                                           DOMINANT NUCLIDES
                                                                           -----------------

      NUCLIDE   ACTIVITY    PERCENT  NUCLIDE     HEAT      PERCENT  NUCLIDE  DOSE RATE    PERCENT  NUCLIDE  INGESTION    PERCENT  NUCLIDE  INHALATION   PERCENT 
                  (Bq)      ACTIVITY             (kW)       HEAT              (Sv/hr)    DOSE RATE            (Sv)      INGESTION            (Sv)     INHALATION
       Total   3.9922E-07             Total   1.9661E-22             Total   2.4660E-12             Total   1.3973E-15             Total   7.9844E-15
    1  Al 26   3.9922E-07  10.00E+01  Al 26   1.9661E-22  10.00E+01  Al 26   2.4660E-12  10.00E+01  Al 26   1.3973E-15  10.00E+01  Al 26   7.9844E-15  10.00E+01

      NUCLIDE  GAMMA HEAT   PERCENT  NUCLIDE   BETA HEAT   PERCENT 
                  (kW)       GAMMA               (kW)       BETA
       Total   1.7109E-22             Total   2.5516E-23
    1  Al 26   1.7109E-22  10.00E+01  Al 26   2.5516E-23  10.00E+01



                                                              UNCERTAINTY ESTIMATES (cross sections only)
                                                              -------------------------------------------

    Uncertainty estimates are based on pathway analysis for the irradiation phase
    Total Activity is          3.99222E-07  +/-   0.00E+00  Bq.        Error is   0.00E+00 % of the total.

    Total Heat Production is   1.96608E-22  +/-   0.00E+00  kW.        Error is   0.00E+00 % of the total.

    Total Gamma Dose Rate is   2.46598E-12  +/-   0.00E+00  Sv/hr.     Error is   0.00E+00 % of the total.

    Total Ingestion Dose is    1.39728E-15  +/-   0.00E+00  Sv.        Error is   0.00E+00 % of the total.

    Total Inhalation Dose is   7.98444E-15  +/-   0.00E+00  Sv.        Error is   0.00E+00 % of the total.

    Total Gamma Heat Prod is   1.71092E-22  +/-   0.00E+00  kW.        Error is   0.00E+00 % of the total.

    Total Beta Heat Prod is    2.55156E-23  +/-   0.00E+00  kW.        Error is   0.00E+00 % of the total.

0   Nuclide     Atoms     E(Atoms)  Activity E(Activity)   Heat     E(Heat)  Dose Rate E(Dose Rate) Ingest   E(Ingest)   Inhale   E(Inhale)   % Error
    Al 26    1.30317E+07  0.00E+00  3.992E-07  0.00E+00  1.966E-22  0.00E+00  2.466E-12  0.00E+00  1.397E-15  0.00E+00  7.984E-15  0.00E+00  0.000E+00
1                                                            Summary Output

0           Time       Cumulative   Activity               Dose rate             Heat output           Ingestion dose        Inhalation dose        Tritium activity
           (step)       (Years)      (Bq)                   (Sv/h)                (kW)                    (Sv)                   (Sv)                  (Bq)
 -----Irradiation Phase-----
 Irradn    30.000 s     9.51E-07   5.47E+06               2.39E+01               3.35E-09               9.12E-06               2.27E-05               0.00E+00
 -----Cooling Phase-----
 Cooling    1.000 m     1.90E-06   7.49E+05               1.29E+00               2.95E-10               5.69E-06               1.42E-05               0.00E+00
 Cooling    1.000 h     1.16E-04   3.99E-07               2.47E-12               1.97E-22               1.40E-15               7.98E-15               0.00E+00
 Cooling    1.000 d     2.85E-03   3.99E-07               2.47E-12               1.97E-22               1.40E-15               7.98E-15               0.00E+00
 Cooling   45.000 d     1.26E-01   3.99E-07               2.47E-12               1.97E-22               1.40E-15               7.98E-15               0.00E+00
 Cooling  319.000 d     9.99E-01   3.99E-07               2.47E-12               1.97E-22               1.40E-15               7.98E-15               0.00E+00
0 Mass of material input =  1.1650E-04 kg.    Material density =  2.33 g/cc

  Total irradiation time =  3.000000E+01 s
  Total fluence          =  9.605745E+12 p/cm2
  Mean flux              =  3.201915E+11 p/cm2/s
  Number of on-times     =    1

fispact run time=                  0.43750     secs


 ------------------------------------------------------------------
 Files that have been opened during this run.
 ------------------------------------------------------------------
 The numbers after the unit names are the internal unit numbers.

 input( 5)       runFile_Si.i
 graph(10)       runFile_Si.gra
 a2data(11)      ../../nuclear_data/decay/a2_2012
 collapxi(12)    COLLAPX
 arrayx(13)      ARRAYX
 hazards(14)     ../../nuclear_data/decay/hazards_2012
 gnuplot(15)     runFile_Si.plt
 ind_nuc(18)     ../../nuclear_data/TENDL2017data/tendl17_decay12_index
 output(38)      runFile_Si.out
 absorp(39)      ../../nuclear_data/decay/abs_2012
 runlog(48)      runFile_Si.log
 ------------------------------------------------------------------



     Run timestamp:15:13:25 4 May 2019             

     Current time: 15:13:25 4 May 2019             
