



     ==============================================================================
     |                                                                            |
     |                                                                            |
     |             _____ ___ ____  ____   _    ____ _____    ___ ___              |
     |            |  ___|_ _/ ___||  _ \ / \  / ___|_   _|  |_ _|_ _|             |
     |            | |_   | |\___ \| |_) / _ \| |     | |_____| | | |              |
     |            |  _|  | | ___) |  __/ ___ \ |___  | |_____| | | |              |
     |            |_|   |___|____/|_| /_/   \_\____| |_|    |___|___|             |
     |                                                                            |
     |                            F I S P A C T - I I                             |
     |                            -------------------                             |
     |                                                                            |
     |                  Transmutation-Activation Inventory Code                   |
     |                   United Kingdom Atomic Energy Authority                   |
     |                                                                            |
     |                         Release 4.0 January 2018                           |
     |             Copyright (c) 2009-18, UK Atomic Energy Authority              |
     |                                                                            |
     ==============================================================================



1




     =========================================================================================================
     |                                                                                                       |
     |                      R U N   I D E N T I F I C A T I O N   I N F O R M A T I O N                      |
     |                                                                                                       |
     | INITIAL CROSS SECTION DATA                                                                            |
     | Collapsed library timestamp:                                                                          |
     | EAF source library label:                                                                             |
     | FLUX file label:                                                                                      |
     |                                                                                                       |
     | DECAY DATA                                                                                            |
     | Condensed library timestamp:                                                                          |
     | EAF source library label:                                                                             |
     |                                                                                                       |
     | THIS RUN                                                                                              |
     | timestamp:                   13:47:13 6 May 2019                                                      |
     | fileroot :                   convert                                                                  |
     | name of FILES file:          files                                                                    |
     | FISPACT title:               * SPECTRAL MODIFICATION 3-162 proton                                     |
     |                                                                                                       |
     | See the convert.log file                                                                              |
     | and summary details at the end of this file for further information on files used by this run         |
     |                                                                                                       |
     =========================================================================================================


  CONVERSION OF ARBITRARY FLUX INTO STANDARD GROUP STRUCTURE

  Number of input arbitrary energy groups  =    3
  Number of output standard energy groups  =  162

 Fraction 1.0000 of input group   1 included in output group  26
 Fraction 1.0000 of input group   2 included in output group  26
 Fraction 1.0000 of input group   3 included in output group  26
1   INPUT GROUP STRUCTURE AND DATA

  GROUP      UPPER       LOWER         LETHARGY         DATA        DATA/LETHARGY

     1     9.8000E+07  9.9900E+07    -1.9202E-02     0.0000E+00     0.0000E+00
     2     9.9900E+07  1.0010E+08    -2.0000E-03     1.0000E+12    -5.0000E+14
     3     1.0010E+08  1.0200E+08    -1.8803E-02     0.0000E+00     0.0000E+00
  TOTAL                                              1.0000E+12
1  OUTPUT GROUP STRUCTURE AND DATA

  GROUP      UPPER       LOWER         LETHARGY         DATA        DATA/LETHARGY

     1     1.0000E+09  9.6000E+08     4.0822E-02     0.0000E+00     0.0000E+00
     2     9.6000E+08  9.2000E+08     4.2560E-02     0.0000E+00     0.0000E+00
     3     9.2000E+08  8.8000E+08     4.4452E-02     0.0000E+00     0.0000E+00
     4     8.8000E+08  8.4000E+08     4.6520E-02     0.0000E+00     0.0000E+00
     5     8.4000E+08  8.0000E+08     4.8790E-02     0.0000E+00     0.0000E+00
     6     8.0000E+08  7.6000E+08     5.1293E-02     0.0000E+00     0.0000E+00
     7     7.6000E+08  7.2000E+08     5.4067E-02     0.0000E+00     0.0000E+00
     8     7.2000E+08  6.8000E+08     5.7158E-02     0.0000E+00     0.0000E+00
     9     6.8000E+08  6.4000E+08     6.0625E-02     0.0000E+00     0.0000E+00
    10     6.4000E+08  6.0000E+08     6.4539E-02     0.0000E+00     0.0000E+00
    11     6.0000E+08  5.6000E+08     6.8993E-02     0.0000E+00     0.0000E+00
    12     5.6000E+08  5.2000E+08     7.4108E-02     0.0000E+00     0.0000E+00
    13     5.2000E+08  4.8000E+08     8.0043E-02     0.0000E+00     0.0000E+00
    14     4.8000E+08  4.4000E+08     8.7011E-02     0.0000E+00     0.0000E+00
    15     4.4000E+08  4.0000E+08     9.5310E-02     0.0000E+00     0.0000E+00
    16     4.0000E+08  3.6000E+08     1.0536E-01     0.0000E+00     0.0000E+00
    17     3.6000E+08  3.2000E+08     1.1778E-01     0.0000E+00     0.0000E+00
    18     3.2000E+08  2.8000E+08     1.3353E-01     0.0000E+00     0.0000E+00
    19     2.8000E+08  2.4000E+08     1.5415E-01     0.0000E+00     0.0000E+00
    20     2.4000E+08  2.0000E+08     1.8232E-01     0.0000E+00     0.0000E+00
    21     2.0000E+08  1.8000E+08     1.0536E-01     0.0000E+00     0.0000E+00
    22     1.8000E+08  1.6000E+08     1.1778E-01     0.0000E+00     0.0000E+00
    23     1.6000E+08  1.4000E+08     1.3353E-01     0.0000E+00     0.0000E+00
    24     1.4000E+08  1.2000E+08     1.5415E-01     0.0000E+00     0.0000E+00
    25     1.2000E+08  1.0000E+08     1.8232E-01     0.0000E+00     0.0000E+00
    26     1.0000E+08  9.0000E+07     1.0536E-01     1.0000E+12     9.4912E+12
    27     9.0000E+07  8.0000E+07     1.1778E-01     0.0000E+00     0.0000E+00
    28     8.0000E+07  7.0000E+07     1.3353E-01     0.0000E+00     0.0000E+00
    29     7.0000E+07  6.0000E+07     1.5415E-01     0.0000E+00     0.0000E+00
    30     6.0000E+07  5.5000E+07     8.7011E-02     0.0000E+00     0.0000E+00
    31     5.5000E+07  5.4000E+07     1.8349E-02     0.0000E+00     0.0000E+00
    32     5.4000E+07  5.0000E+07     7.6961E-02     0.0000E+00     0.0000E+00
    33     5.0000E+07  4.5000E+07     1.0536E-01     0.0000E+00     0.0000E+00
    34     4.5000E+07  4.0000E+07     1.1778E-01     0.0000E+00     0.0000E+00
    35     4.0000E+07  3.5000E+07     1.3353E-01     0.0000E+00     0.0000E+00
    36     3.5000E+07  3.0000E+07     1.5415E-01     0.0000E+00     0.0000E+00
    37     3.0000E+07  2.8000E+07     6.8993E-02     0.0000E+00     0.0000E+00
    38     2.8000E+07  2.6000E+07     7.4108E-02     0.0000E+00     0.0000E+00
    39     2.6000E+07  2.4000E+07     8.0043E-02     0.0000E+00     0.0000E+00
    40     2.4000E+07  2.2000E+07     8.7011E-02     0.0000E+00     0.0000E+00
    41     2.2000E+07  2.0000E+07     9.5310E-02     0.0000E+00     0.0000E+00
    42     2.0000E+07  1.9000E+07     5.1293E-02     0.0000E+00     0.0000E+00
    43     1.9000E+07  1.8000E+07     5.4067E-02     0.0000E+00     0.0000E+00
    44     1.8000E+07  1.7000E+07     5.7158E-02     0.0000E+00     0.0000E+00
    45     1.7000E+07  1.6000E+07     6.0625E-02     0.0000E+00     0.0000E+00
    46     1.6000E+07  1.5000E+07     6.4539E-02     0.0000E+00     0.0000E+00
    47     1.5000E+07  1.4000E+07     6.8993E-02     0.0000E+00     0.0000E+00
    48     1.4000E+07  1.3000E+07     7.4108E-02     0.0000E+00     0.0000E+00
    49     1.3000E+07  1.2000E+07     8.0043E-02     0.0000E+00     0.0000E+00
    50     1.2000E+07  1.1000E+07     8.7011E-02     0.0000E+00     0.0000E+00
    51     1.1000E+07  1.0000E+07     9.5310E-02     0.0000E+00     0.0000E+00
    52     1.0000E+07  9.8000E+06     2.0203E-02     0.0000E+00     0.0000E+00
    53     9.8000E+06  9.6000E+06     2.0619E-02     0.0000E+00     0.0000E+00
    54     9.6000E+06  9.4000E+06     2.1053E-02     0.0000E+00     0.0000E+00
    55     9.4000E+06  9.2000E+06     2.1506E-02     0.0000E+00     0.0000E+00
    56     9.2000E+06  9.0000E+06     2.1979E-02     0.0000E+00     0.0000E+00
    57     9.0000E+06  8.8000E+06     2.2473E-02     0.0000E+00     0.0000E+00
    58     8.8000E+06  8.6000E+06     2.2990E-02     0.0000E+00     0.0000E+00
    59     8.6000E+06  8.4000E+06     2.3530E-02     0.0000E+00     0.0000E+00
    60     8.4000E+06  8.2000E+06     2.4098E-02     0.0000E+00     0.0000E+00
    61     8.2000E+06  8.0000E+06     2.4693E-02     0.0000E+00     0.0000E+00
    62     8.0000E+06  7.8000E+06     2.5318E-02     0.0000E+00     0.0000E+00
    63     7.8000E+06  7.6000E+06     2.5975E-02     0.0000E+00     0.0000E+00
    64     7.6000E+06  7.4000E+06     2.6668E-02     0.0000E+00     0.0000E+00
    65     7.4000E+06  7.2000E+06     2.7399E-02     0.0000E+00     0.0000E+00
    66     7.2000E+06  7.0000E+06     2.8171E-02     0.0000E+00     0.0000E+00
    67     7.0000E+06  6.8000E+06     2.8988E-02     0.0000E+00     0.0000E+00
    68     6.8000E+06  6.6000E+06     2.9853E-02     0.0000E+00     0.0000E+00
    69     6.6000E+06  6.4000E+06     3.0772E-02     0.0000E+00     0.0000E+00
    70     6.4000E+06  6.2000E+06     3.1749E-02     0.0000E+00     0.0000E+00
    71     6.2000E+06  6.0000E+06     3.2790E-02     0.0000E+00     0.0000E+00
    72     6.0000E+06  5.8000E+06     3.3902E-02     0.0000E+00     0.0000E+00
    73     5.8000E+06  5.6000E+06     3.5091E-02     0.0000E+00     0.0000E+00
    74     5.6000E+06  5.4000E+06     3.6368E-02     0.0000E+00     0.0000E+00
    75     5.4000E+06  5.2000E+06     3.7740E-02     0.0000E+00     0.0000E+00
    76     5.2000E+06  5.0000E+06     3.9221E-02     0.0000E+00     0.0000E+00
    77     5.0000E+06  4.8000E+06     4.0822E-02     0.0000E+00     0.0000E+00
    78     4.8000E+06  4.6000E+06     4.2560E-02     0.0000E+00     0.0000E+00
    79     4.6000E+06  4.4000E+06     4.4452E-02     0.0000E+00     0.0000E+00
    80     4.4000E+06  4.2000E+06     4.6520E-02     0.0000E+00     0.0000E+00
    81     4.2000E+06  4.0000E+06     4.8790E-02     0.0000E+00     0.0000E+00
    82     4.0000E+06  3.8750E+06     3.1749E-02     0.0000E+00     0.0000E+00
    83     3.8750E+06  3.7500E+06     3.2790E-02     0.0000E+00     0.0000E+00
    84     3.7500E+06  3.6250E+06     3.3902E-02     0.0000E+00     0.0000E+00
    85     3.6250E+06  3.5000E+06     3.5091E-02     0.0000E+00     0.0000E+00
    86     3.5000E+06  3.3750E+06     3.6368E-02     0.0000E+00     0.0000E+00
    87     3.3750E+06  3.2500E+06     3.7740E-02     0.0000E+00     0.0000E+00
    88     3.2500E+06  3.1250E+06     3.9221E-02     0.0000E+00     0.0000E+00
    89     3.1250E+06  3.0000E+06     4.0822E-02     0.0000E+00     0.0000E+00
    90     3.0000E+06  2.8750E+06     4.2560E-02     0.0000E+00     0.0000E+00
    91     2.8750E+06  2.7500E+06     4.4452E-02     0.0000E+00     0.0000E+00
    92     2.7500E+06  2.6250E+06     4.6520E-02     0.0000E+00     0.0000E+00
    93     2.6250E+06  2.5000E+06     4.8790E-02     0.0000E+00     0.0000E+00
    94     2.5000E+06  2.3750E+06     5.1293E-02     0.0000E+00     0.0000E+00
    95     2.3750E+06  2.2500E+06     5.4067E-02     0.0000E+00     0.0000E+00
    96     2.2500E+06  2.1250E+06     5.7158E-02     0.0000E+00     0.0000E+00
    97     2.1250E+06  2.0000E+06     6.0625E-02     0.0000E+00     0.0000E+00
    98     2.0000E+06  1.8750E+06     6.4539E-02     0.0000E+00     0.0000E+00
    99     1.8750E+06  1.7500E+06     6.8993E-02     0.0000E+00     0.0000E+00
   100     1.7500E+06  1.6250E+06     7.4108E-02     0.0000E+00     0.0000E+00
   101     1.6250E+06  1.5000E+06     8.0043E-02     0.0000E+00     0.0000E+00
   102     1.5000E+06  1.3750E+06     8.7011E-02     0.0000E+00     0.0000E+00
   103     1.3750E+06  1.2500E+06     9.5310E-02     0.0000E+00     0.0000E+00
   104     1.2500E+06  1.1250E+06     1.0536E-01     0.0000E+00     0.0000E+00
   105     1.1250E+06  1.0000E+06     1.1778E-01     0.0000E+00     0.0000E+00
   106     1.0000E+06  9.7500E+05     2.5318E-02     0.0000E+00     0.0000E+00
   107     9.7500E+05  9.5000E+05     2.5975E-02     0.0000E+00     0.0000E+00
   108     9.5000E+05  9.2500E+05     2.6668E-02     0.0000E+00     0.0000E+00
   109     9.2500E+05  9.0000E+05     2.7399E-02     0.0000E+00     0.0000E+00
   110     9.0000E+05  8.7500E+05     2.8171E-02     0.0000E+00     0.0000E+00
   111     8.7500E+05  8.5000E+05     2.8988E-02     0.0000E+00     0.0000E+00
   112     8.5000E+05  8.2500E+05     2.9853E-02     0.0000E+00     0.0000E+00
   113     8.2500E+05  8.0000E+05     3.0772E-02     0.0000E+00     0.0000E+00
   114     8.0000E+05  7.7500E+05     3.1749E-02     0.0000E+00     0.0000E+00
   115     7.7500E+05  7.5000E+05     3.2790E-02     0.0000E+00     0.0000E+00
   116     7.5000E+05  7.2500E+05     3.3902E-02     0.0000E+00     0.0000E+00
   117     7.2500E+05  7.0000E+05     3.5091E-02     0.0000E+00     0.0000E+00
   118     7.0000E+05  6.7500E+05     3.6368E-02     0.0000E+00     0.0000E+00
   119     6.7500E+05  6.5000E+05     3.7740E-02     0.0000E+00     0.0000E+00
   120     6.5000E+05  6.2500E+05     3.9221E-02     0.0000E+00     0.0000E+00
   121     6.2500E+05  6.0000E+05     4.0822E-02     0.0000E+00     0.0000E+00
   122     6.0000E+05  5.7500E+05     4.2560E-02     0.0000E+00     0.0000E+00
   123     5.7500E+05  5.5000E+05     4.4452E-02     0.0000E+00     0.0000E+00
   124     5.5000E+05  5.2500E+05     4.6520E-02     0.0000E+00     0.0000E+00
   125     5.2500E+05  5.0000E+05     4.8790E-02     0.0000E+00     0.0000E+00
   126     5.0000E+05  4.7500E+05     5.1293E-02     0.0000E+00     0.0000E+00
   127     4.7500E+05  4.5000E+05     5.4067E-02     0.0000E+00     0.0000E+00
   128     4.5000E+05  4.2500E+05     5.7158E-02     0.0000E+00     0.0000E+00
   129     4.2500E+05  4.0000E+05     6.0625E-02     0.0000E+00     0.0000E+00
   130     4.0000E+05  3.7500E+05     6.4539E-02     0.0000E+00     0.0000E+00
   131     3.7500E+05  3.5000E+05     6.8993E-02     0.0000E+00     0.0000E+00
   132     3.5000E+05  3.2500E+05     7.4108E-02     0.0000E+00     0.0000E+00
   133     3.2500E+05  3.0000E+05     8.0043E-02     0.0000E+00     0.0000E+00
   134     3.0000E+05  2.8000E+05     6.8993E-02     0.0000E+00     0.0000E+00
   135     2.8000E+05  2.6000E+05     7.4108E-02     0.0000E+00     0.0000E+00
   136     2.6000E+05  2.4000E+05     8.0043E-02     0.0000E+00     0.0000E+00
   137     2.4000E+05  2.2000E+05     8.7011E-02     0.0000E+00     0.0000E+00
   138     2.2000E+05  2.0000E+05     9.5310E-02     0.0000E+00     0.0000E+00
   139     2.0000E+05  1.8000E+05     1.0536E-01     0.0000E+00     0.0000E+00
   140     1.8000E+05  1.6000E+05     1.1778E-01     0.0000E+00     0.0000E+00
   141     1.6000E+05  1.4000E+05     1.3353E-01     0.0000E+00     0.0000E+00
   142     1.4000E+05  1.2000E+05     1.5415E-01     0.0000E+00     0.0000E+00
   143     1.2000E+05  1.0000E+05     1.8232E-01     0.0000E+00     0.0000E+00
   144     1.0000E+05  9.5000E+04     5.1293E-02     0.0000E+00     0.0000E+00
   145     9.5000E+04  9.0000E+04     5.4067E-02     0.0000E+00     0.0000E+00
   146     9.0000E+04  8.5000E+04     5.7158E-02     0.0000E+00     0.0000E+00
   147     8.5000E+04  8.0000E+04     6.0625E-02     0.0000E+00     0.0000E+00
   148     8.0000E+04  7.5000E+04     6.4539E-02     0.0000E+00     0.0000E+00
   149     7.5000E+04  7.0000E+04     6.8993E-02     0.0000E+00     0.0000E+00
   150     7.0000E+04  6.5000E+04     7.4108E-02     0.0000E+00     0.0000E+00
   151     6.5000E+04  6.0000E+04     8.0043E-02     0.0000E+00     0.0000E+00
   152     6.0000E+04  5.5000E+04     8.7011E-02     0.0000E+00     0.0000E+00
   153     5.5000E+04  5.0000E+04     9.5310E-02     0.0000E+00     0.0000E+00
   154     5.0000E+04  4.5000E+04     1.0536E-01     0.0000E+00     0.0000E+00
   155     4.5000E+04  4.0000E+04     1.1778E-01     0.0000E+00     0.0000E+00
   156     4.0000E+04  3.5000E+04     1.3353E-01     0.0000E+00     0.0000E+00
   157     3.5000E+04  3.0000E+04     1.5415E-01     0.0000E+00     0.0000E+00
   158     3.0000E+04  2.5000E+04     1.8232E-01     0.0000E+00     0.0000E+00
   159     2.5000E+04  2.0000E+04     2.2314E-01     0.0000E+00     0.0000E+00
   160     2.0000E+04  1.5000E+04     2.8768E-01     0.0000E+00     0.0000E+00
   161     1.5000E+04  1.0000E+04     4.0547E-01     0.0000E+00     0.0000E+00
   162     1.0000E+04  5.0000E+03     6.9315E-01     0.0000E+00     0.0000E+00
  TOTAL                                              1.0000E+12
fispact run time=                  0.15625E-01 secs


 ------------------------------------------------------------------
 Files that have been opened during this run.
 ------------------------------------------------------------------
 The numbers after the unit names are the internal unit numbers.

 arb_flux( 3)    arb_flux
 input( 5)       convert.i
 ind_nuc(18)     ../../nuclear_data/TENDL2017data/tendl17_decay12_index
 fluxes(20)      fluxes
 output(38)      convert.out
 runlog(48)      convert.log
 ------------------------------------------------------------------



     Run timestamp:13:47:13 6 May 2019             

     Current time: 13:47:13 6 May 2019             
